2024-09-22 22:31:55,629 - INFO - PdfTextExtraction - Starting PDF processing of OH1 in folder: /media/daniel/HDD1/AI894 - Capstone/Complete Collision Recorder/data/raw/oh1_pdf_files
2024-09-22 22:31:55,721 - INFO - PdfTextExtraction - Template loaded from /media/daniel/HDD1/AI894 - Capstone/Complete Collision Recorder/docs/oh1_page_1_template.png
2024-09-22 22:31:55,722 - INFO - PdfTextExtraction - Processing PDF: 202000001607.pdf
2024-09-22 22:31:56,321 - INFO - PdfTextExtraction - First page converted from: 202000001607.pdf
2024-09-22 22:32:02,865 - ERROR - PdfTextExtraction - Error processing file 202000001607.pdf: name 'interpret_severity' is not defined
2024-09-22 22:32:02,867 - INFO - PdfTextExtraction - Processing PDF: 202000002644.pdf
2024-09-22 22:32:03,386 - INFO - PdfTextExtraction - First page converted from: 202000002644.pdf
2024-09-22 22:32:11,908 - ERROR - PdfTextExtraction - Error processing file 202000002644.pdf: name 'interpret_severity' is not defined
2024-09-22 22:32:11,911 - INFO - PdfTextExtraction - Processing PDF: 202000003892.pdf
2024-09-22 22:32:12,594 - INFO - PdfTextExtraction - First page converted from: 202000003892.pdf
2024-09-22 22:32:18,453 - ERROR - PdfTextExtraction - Error processing file 202000003892.pdf: name 'interpret_severity' is not defined
2024-09-22 22:32:18,454 - INFO - PdfTextExtraction - Processing PDF: 202000004207.pdf
2024-09-22 22:32:19,103 - INFO - PdfTextExtraction - First page converted from: 202000004207.pdf
2024-09-22 22:33:13,606 - INFO - PdfTextExtraction - Starting PDF processing of OH1 in folder: /media/daniel/HDD1/AI894 - Capstone/Complete Collision Recorder/data/raw/oh1_pdf_files
2024-09-22 22:33:13,699 - INFO - PdfTextExtraction - Template loaded from /media/daniel/HDD1/AI894 - Capstone/Complete Collision Recorder/docs/oh1_page_1_template.png
2024-09-22 22:33:13,700 - INFO - PdfTextExtraction - Processing PDF: 202000001607.pdf
2024-09-22 22:33:14,331 - INFO - PdfTextExtraction - First page converted from: 202000001607.pdf
2024-09-22 22:33:21,724 - INFO - PdfTextExtraction - Processing PDF: 202000002644.pdf
2024-09-22 22:33:22,239 - INFO - PdfTextExtraction - First page converted from: 202000002644.pdf
2024-09-22 22:33:31,353 - INFO - PdfTextExtraction - Processing PDF: 202000003892.pdf
2024-09-22 22:33:32,001 - INFO - PdfTextExtraction - First page converted from: 202000003892.pdf
2024-09-22 22:34:11,896 - INFO - PdfTextExtraction - Starting PDF processing of OH1 in folder: /media/daniel/HDD1/AI894 - Capstone/Complete Collision Recorder/data/raw/oh1_pdf_files
2024-09-22 22:34:11,987 - INFO - PdfTextExtraction - Template loaded from /media/daniel/HDD1/AI894 - Capstone/Complete Collision Recorder/docs/oh1_page_1_template.png
2024-09-22 22:34:11,989 - INFO - PdfTextExtraction - Processing PDF: 202000001607.pdf
2024-09-22 22:34:20,066 - INFO - PdfTextExtraction - Processing PDF: 202000002644.pdf
2024-09-22 22:34:29,709 - INFO - PdfTextExtraction - Processing PDF: 202000003892.pdf
2024-09-22 22:34:36,758 - INFO - PdfTextExtraction - Processing PDF: 202000004207.pdf
2024-09-22 22:34:48,493 - INFO - PdfTextExtraction - Processing PDF: 202000004832.pdf
2024-09-22 22:34:59,331 - INFO - PdfTextExtraction - Processing PDF: 202000006669.pdf
2024-09-22 22:35:08,183 - INFO - PdfTextExtraction - Processing PDF: 202000006670.pdf
2024-09-22 22:35:16,908 - INFO - PdfTextExtraction - Processing PDF: 202000008453.pdf
2024-09-22 22:35:24,511 - INFO - PdfTextExtraction - Processing PDF: 202000009720.pdf
2024-09-22 22:35:32,766 - INFO - PdfTextExtraction - Processing PDF: 202000009876.pdf
2024-09-22 22:35:42,063 - INFO - PdfTextExtraction - Processing PDF: 202000012614.pdf
2024-09-22 22:37:06,910 - INFO - PdfTextExtraction - Starting PDF processing of OH1 in folder: /media/daniel/HDD1/AI894 - Capstone/Complete Collision Recorder/data/raw/oh1_pdf_files
2024-09-22 22:37:07,008 - INFO - PdfTextExtraction - Template loaded from /media/daniel/HDD1/AI894 - Capstone/Complete Collision Recorder/docs/oh1_page_1_template.png
2024-09-22 22:37:07,009 - INFO - PdfTextExtraction - Processing PDF: 202000001607.pdf
2024-09-22 22:37:15,260 - INFO - PdfTextExtraction - Processing PDF: 202000002644.pdf
2024-09-22 22:37:24,985 - INFO - PdfTextExtraction - Processing PDF: 202000003892.pdf
2024-09-22 22:37:32,262 - INFO - PdfTextExtraction - Processing PDF: 202000004207.pdf
2024-09-22 22:37:44,256 - INFO - PdfTextExtraction - Processing PDF: 202000004832.pdf
2024-09-22 22:37:54,846 - INFO - PdfTextExtraction - Processing PDF: 202000006669.pdf
2024-09-22 22:38:03,588 - INFO - PdfTextExtraction - Processing PDF: 202000006670.pdf
2024-09-22 22:38:12,353 - INFO - PdfTextExtraction - Processing PDF: 202000008453.pdf
2024-09-22 22:38:20,180 - INFO - PdfTextExtraction - Processing PDF: 202000009720.pdf
2024-09-22 22:38:28,364 - INFO - PdfTextExtraction - Processing PDF: 202000009876.pdf
2024-09-22 22:38:37,285 - INFO - PdfTextExtraction - Processing PDF: 202000012614.pdf
2024-09-22 22:38:44,013 - INFO - PdfTextExtraction - Processing PDF: 202000013505.pdf
2024-09-22 22:38:48,123 - INFO - PdfTextExtraction - Processing PDF: 202000013906.pdf
2024-09-22 22:38:48,843 - INFO - PdfTextExtraction - Processing PDF: 202000014935.pdf
2024-09-22 22:38:49,597 - INFO - PdfTextExtraction - Processing PDF: 202000022957.pdf
2024-09-22 22:58:03,848 - INFO - PdfTextExtraction - Starting PDF processing of OH1 in folder: /media/daniel/HDD1/AI894 - Capstone/Complete Collision Recorder/data/raw/oh1_pdf_files
2024-09-22 22:58:03,930 - INFO - PdfTextExtraction - Template loaded from /media/daniel/HDD1/AI894 - Capstone/Complete Collision Recorder/docs/oh1_page_1_template.png
2024-09-22 22:58:03,931 - INFO - PdfTextExtraction - Processing PDF: 202000001607.pdf
2024-09-22 22:58:11,965 - INFO - PdfTextExtraction - Processing PDF: 202000002644.pdf
2024-09-22 22:58:21,630 - INFO - PdfTextExtraction - Processing PDF: 202000003892.pdf
2024-09-22 22:58:28,672 - INFO - PdfTextExtraction - Processing PDF: 202000004207.pdf
2024-09-22 22:58:40,260 - INFO - PdfTextExtraction - Processing PDF: 202000004832.pdf
2024-09-22 22:58:51,066 - INFO - PdfTextExtraction - Processing PDF: 202000006669.pdf
2024-09-22 22:58:59,700 - INFO - PdfTextExtraction - Processing PDF: 202000006670.pdf
2024-09-22 22:59:08,354 - INFO - PdfTextExtraction - Processing PDF: 202000008453.pdf
2024-09-22 22:59:15,717 - INFO - PdfTextExtraction - Processing PDF: 202000009720.pdf
2024-09-22 22:59:23,543 - INFO - PdfTextExtraction - Processing PDF: 202000009876.pdf
2024-09-22 22:59:32,208 - INFO - PdfTextExtraction - Processing PDF: 202000012614.pdf
2024-09-22 22:59:38,753 - INFO - PdfTextExtraction - Processing PDF: 202000013505.pdf
2024-09-22 22:59:42,641 - INFO - PdfTextExtraction - Processing PDF: 202000013906.pdf
2024-09-22 22:59:43,350 - INFO - PdfTextExtraction - Processing PDF: 202000014935.pdf
2024-09-22 22:59:44,044 - INFO - PdfTextExtraction - Processing PDF: 202000022957.pdf
2024-09-22 22:59:50,494 - INFO - PdfTextExtraction - Processing PDF: 202000023072.pdf
2024-09-22 22:59:58,771 - INFO - PdfTextExtraction - Processing PDF: 202000023174.pdf
2024-09-22 23:00:07,398 - INFO - PdfTextExtraction - Processing PDF: 202000025835.pdf
2024-09-22 23:00:16,468 - INFO - PdfTextExtraction - Processing PDF: 202000026849.pdf
2024-09-22 23:00:23,398 - INFO - PdfTextExtraction - Processing PDF: 202000031441.pdf
2024-09-22 23:00:24,153 - INFO - PdfTextExtraction - Processing PDF: 202000032662.pdf
2024-09-22 23:00:28,393 - INFO - PdfTextExtraction - Processing PDF: 202000032722.pdf
2024-09-22 23:00:31,966 - INFO - PdfTextExtraction - Processing PDF: 202000032920.pdf
2024-09-22 23:00:40,345 - INFO - PdfTextExtraction - Processing PDF: 202000033016.pdf
2024-09-22 23:00:47,195 - INFO - PdfTextExtraction - Processing PDF: 202000035895.pdf
2024-09-22 23:00:47,883 - INFO - PdfTextExtraction - Processing PDF: 202000036701.pdf
2024-09-22 23:00:58,087 - INFO - PdfTextExtraction - Processing PDF: 202000041260.pdf
2024-09-22 23:01:05,423 - INFO - PdfTextExtraction - Processing PDF: 202000045635.pdf
2024-09-22 23:01:17,184 - INFO - PdfTextExtraction - Processing PDF: 202000046049.pdf
2024-09-22 23:01:25,640 - INFO - PdfTextExtraction - Processing PDF: 202000046519.pdf
2024-09-22 23:01:26,356 - INFO - PdfTextExtraction - Processing PDF: 202000009143.pdf
2024-09-22 23:01:27,051 - INFO - PdfTextExtraction - Processing PDF: 202000025464.pdf
2024-09-22 23:01:35,574 - INFO - PdfTextExtraction - Processing PDF: 202000033569.pdf
2024-09-22 23:01:43,799 - INFO - PdfTextExtraction - Processing PDF: 202000048648.pdf
2024-09-22 23:01:55,185 - INFO - PdfTextExtraction - Processing PDF: 202000061081.pdf
2024-09-22 23:01:59,361 - INFO - PdfTextExtraction - Processing PDF: 202000072752.pdf
2024-09-22 23:02:08,039 - INFO - PdfTextExtraction - Processing PDF: 202000092812.pdf
2024-09-22 23:02:16,337 - INFO - PdfTextExtraction - Processing PDF: 202000109705.pdf
2024-09-22 23:02:24,937 - INFO - PdfTextExtraction - Processing PDF: 202000125864.pdf
2024-09-22 23:02:33,162 - INFO - PdfTextExtraction - Processing PDF: 202000146034.pdf
2024-09-22 23:02:41,125 - INFO - PdfTextExtraction - Processing PDF: 202000155726.pdf
2024-09-22 23:02:49,067 - INFO - PdfTextExtraction - Processing PDF: 202000168035.pdf
2024-09-22 23:02:57,342 - INFO - PdfTextExtraction - Processing PDF: 202000179545.pdf
2024-09-22 23:03:08,818 - INFO - PdfTextExtraction - Processing PDF: 202000197468.pdf
2024-09-22 23:03:15,876 - INFO - PdfTextExtraction - Processing PDF: 202000203508.pdf
2024-09-22 23:03:24,262 - INFO - PdfTextExtraction - Processing PDF: 202000061864.pdf
2024-09-22 23:03:32,772 - INFO - PdfTextExtraction - Processing PDF: 202000066274.pdf
2024-09-22 23:03:44,017 - INFO - PdfTextExtraction - Processing PDF: 202000066451.pdf
2024-09-22 23:03:47,475 - INFO - PdfTextExtraction - Processing PDF: 202000071381.pdf
2024-09-22 23:03:59,769 - INFO - PdfTextExtraction - Processing PDF: 202000071383.pdf
2024-09-22 23:04:12,092 - INFO - PdfTextExtraction - Processing PDF: 202000093084.pdf
2024-09-22 23:04:21,076 - INFO - PdfTextExtraction - Processing PDF: 202000093617.pdf
2024-09-22 23:04:29,644 - INFO - PdfTextExtraction - Processing PDF: 202000095540.pdf
2024-09-22 23:04:40,364 - INFO - PdfTextExtraction - Processing PDF: 202000097682.pdf
2024-09-22 23:04:44,154 - INFO - PdfTextExtraction - Processing PDF: 202000097944.pdf
2024-09-22 23:04:51,828 - INFO - PdfTextExtraction - Processing PDF: 202000099305.pdf
2024-09-22 23:05:00,760 - INFO - PdfTextExtraction - Processing PDF: 202000102542.pdf
2024-09-22 23:05:08,685 - INFO - PdfTextExtraction - Processing PDF: 202000102809.pdf
2024-09-22 23:05:19,314 - INFO - PdfTextExtraction - Processing PDF: 202000106496.pdf
2024-09-22 23:05:28,489 - INFO - PdfTextExtraction - Processing PDF: 202000146982.pdf
2024-09-22 23:05:36,500 - INFO - PdfTextExtraction - Processing PDF: 202000148930.pdf
2024-09-22 23:05:44,413 - INFO - PdfTextExtraction - Processing PDF: 202000152767.pdf
2024-09-22 23:05:52,144 - INFO - PdfTextExtraction - Processing PDF: 202000180621.pdf
2024-09-22 23:06:00,204 - INFO - PdfTextExtraction - Processing PDF: 202000181732.pdf
2024-09-22 23:06:04,227 - INFO - PdfTextExtraction - Processing PDF: 202000182820.pdf
2024-09-22 23:06:09,134 - INFO - PdfTextExtraction - Processing PDF: 202000185956.pdf
2024-09-22 23:06:16,599 - INFO - PdfTextExtraction - Processing PDF: 202000191059.pdf
2024-09-22 23:06:25,201 - INFO - PdfTextExtraction - Processing PDF: 202000191935.pdf
2024-09-22 23:06:32,380 - INFO - PdfTextExtraction - Processing PDF: 202000193211.pdf
2024-09-22 23:06:39,816 - INFO - PdfTextExtraction - Processing PDF: 202000203680.pdf
2024-09-22 23:06:43,594 - INFO - PdfTextExtraction - Processing PDF: 202000204673.pdf
2024-09-22 23:06:46,644 - INFO - PdfTextExtraction - Processing PDF: 202000204724.pdf
2024-09-22 23:06:54,882 - INFO - PdfTextExtraction - Processing PDF: 202000205871.pdf
2024-09-22 23:06:59,069 - INFO - PdfTextExtraction - Processing PDF: 202000208824.pdf
2024-09-22 23:07:02,148 - INFO - PdfTextExtraction - Processing PDF: 202000209851.pdf
2024-09-22 23:07:10,398 - INFO - PdfTextExtraction - Processing PDF: 202000211964.pdf
2024-09-22 23:07:19,709 - INFO - PdfTextExtraction - Processing PDF: 202000049647.pdf
2024-09-22 23:07:23,878 - INFO - PdfTextExtraction - Processing PDF: 202000050673.pdf
2024-09-22 23:07:30,826 - INFO - PdfTextExtraction - Processing PDF: 202000050994.pdf
2024-09-22 23:07:31,530 - INFO - PdfTextExtraction - Processing PDF: 202000051926.pdf
2024-09-22 23:07:39,463 - INFO - PdfTextExtraction - Processing PDF: 202000054779.pdf
2024-09-22 23:07:43,597 - INFO - PdfTextExtraction - Processing PDF: 202000054821.pdf
2024-09-22 23:07:47,729 - INFO - PdfTextExtraction - Processing PDF: 202000054987.pdf
2024-09-22 23:07:51,867 - INFO - PdfTextExtraction - Processing PDF: 202000057734.pdf
2024-09-22 23:07:59,931 - INFO - PdfTextExtraction - Processing PDF: 202000077349.pdf
2024-09-22 23:08:04,282 - INFO - PdfTextExtraction - Processing PDF: 202000078358.pdf
2024-09-22 23:08:13,151 - INFO - PdfTextExtraction - Processing PDF: 202000078762.pdf
2024-09-22 23:08:16,769 - INFO - PdfTextExtraction - Processing PDF: 202000079965.pdf
2024-09-22 23:08:28,657 - INFO - PdfTextExtraction - Processing PDF: 202000083809.pdf
2024-09-22 23:08:36,070 - INFO - PdfTextExtraction - Processing PDF: 202000083812.pdf
2024-09-22 23:08:43,459 - INFO - PdfTextExtraction - Processing PDF: 202000085017.pdf
2024-09-22 23:08:46,882 - INFO - PdfTextExtraction - Processing PDF: 202000090838.pdf
2024-09-22 23:08:51,091 - INFO - PdfTextExtraction - Processing PDF: 202000114295.pdf
2024-09-22 23:08:57,996 - INFO - PdfTextExtraction - Processing PDF: 202000114298.pdf
2024-09-22 23:09:04,875 - INFO - PdfTextExtraction - Processing PDF: 202000116402.pdf
2024-09-22 23:09:12,398 - INFO - PdfTextExtraction - Processing PDF: 202000120855.pdf
2024-09-22 23:09:20,066 - INFO - PdfTextExtraction - Processing PDF: 202000122930.pdf
2024-09-22 23:09:30,895 - INFO - PdfTextExtraction - Processing PDF: 202000127599.pdf
2024-09-22 23:09:34,868 - INFO - PdfTextExtraction - Processing PDF: 202000127688.pdf
2024-09-22 23:09:39,054 - INFO - PdfTextExtraction - Processing PDF: 202000131673.pdf
2024-09-22 23:09:46,289 - INFO - PdfTextExtraction - Processing PDF: 202000132290.pdf
2024-09-22 23:09:53,737 - INFO - PdfTextExtraction - Processing PDF: 202000132837.pdf
2024-09-22 23:10:05,300 - INFO - PdfTextExtraction - Processing PDF: 202000136738.pdf
2024-09-22 23:10:16,477 - INFO - PdfTextExtraction - Processing PDF: 202000137111.pdf
2024-09-22 23:10:24,492 - INFO - PdfTextExtraction - Processing PDF: 202000137112.pdf
2024-09-22 23:10:32,630 - INFO - PdfTextExtraction - Processing PDF: 202000137113.pdf
2024-09-22 23:10:40,706 - INFO - PdfTextExtraction - Processing PDF: 202000137363.pdf
2024-09-22 23:10:47,878 - INFO - PdfTextExtraction - Processing PDF: 202000156780.pdf
2024-09-22 23:10:55,900 - INFO - PdfTextExtraction - Processing PDF: 202000157436.pdf
2024-09-22 23:10:58,968 - INFO - PdfTextExtraction - Processing PDF: 202000158280.pdf
2024-09-22 23:11:02,112 - INFO - PdfTextExtraction - Processing PDF: 202000160325.pdf
2024-09-22 23:11:10,037 - INFO - PdfTextExtraction - Processing PDF: 202000160549.pdf
2024-09-22 23:11:13,874 - INFO - PdfTextExtraction - Processing PDF: 202000161343.pdf
2024-09-22 23:11:22,500 - INFO - PdfTextExtraction - Processing PDF: 202000161480.pdf
2024-09-22 23:11:29,949 - INFO - PdfTextExtraction - Processing PDF: 202000162971.pdf
2024-09-22 23:11:33,708 - INFO - PdfTextExtraction - Processing PDF: 202000168045.pdf
2024-09-22 23:11:40,677 - INFO - PdfTextExtraction - Processing PDF: 202000169242.pdf
2024-09-22 23:11:49,583 - INFO - PdfTextExtraction - Processing PDF: 202000171023.pdf
2024-09-22 23:11:50,284 - INFO - PdfTextExtraction - Processing PDF: 202000171051.pdf
2024-09-22 23:11:58,799 - INFO - PdfTextExtraction - Processing PDF: 202000171278.pdf
2024-09-22 23:12:05,492 - INFO - PdfTextExtraction - Processing PDF: 202000173753.pdf
2024-09-22 23:12:12,474 - INFO - PdfTextExtraction - Processing PDF: 202000175512.pdf
2024-09-22 23:12:13,198 - INFO - PdfTextExtraction - Processing PDF: 202000178294.pdf
2024-09-22 23:12:16,916 - INFO - PdfTextExtraction - Processing PDF: 202000201676.pdf
2024-09-22 23:12:23,505 - INFO - PdfTextExtraction - Processing PDF: 202000220233.pdf
2024-09-22 23:12:32,687 - INFO - PdfTextExtraction - Processing PDF: 202000221561.pdf
2024-09-22 23:12:42,751 - INFO - PdfTextExtraction - Processing PDF: 202000222116.pdf
2024-09-22 23:12:50,637 - INFO - PdfTextExtraction - Processing PDF: 202000223777.pdf
2024-09-22 23:12:58,289 - INFO - PdfTextExtraction - Processing PDF: 202000225247.pdf
2024-09-22 23:13:01,864 - INFO - PdfTextExtraction - Processing PDF: 202000226542.pdf
2024-09-22 23:13:07,326 - INFO - PdfTextExtraction - Processing PDF: 202000230509.pdf
2024-09-22 23:13:12,886 - INFO - PdfTextExtraction - Processing PDF: 202000235529.pdf
2024-09-22 23:13:21,864 - INFO - PdfTextExtraction - Processing PDF: 202000236027.pdf
2024-09-22 23:13:29,426 - INFO - PdfTextExtraction - Processing PDF: 202000236979.pdf
2024-09-22 23:13:38,007 - INFO - PdfTextExtraction - Processing PDF: 202000237688.pdf
2024-09-22 23:13:45,056 - INFO - PdfTextExtraction - Processing PDF: 202000239316.pdf
2024-09-22 23:13:52,588 - INFO - PdfTextExtraction - Processing PDF: 202000241709.pdf
2024-09-22 23:14:00,558 - INFO - PdfTextExtraction - Processing PDF: 202000242063.pdf
2024-09-22 23:14:06,729 - INFO - PdfTextExtraction - Processing PDF: 202000243107.pdf
2024-09-22 23:14:11,142 - INFO - PdfTextExtraction - Processing PDF: 202000244425 (1).pdf
2024-09-22 23:14:18,773 - INFO - PdfTextExtraction - Processing PDF: 202000244425.pdf
2024-09-22 23:14:26,387 - INFO - PdfTextExtraction - Processing PDF: 202000251946.pdf
2024-09-22 23:14:32,859 - INFO - PdfTextExtraction - Processing PDF: 202000252161.pdf
2024-09-22 23:14:44,122 - INFO - PdfTextExtraction - Processing PDF: 202000252163.pdf
2024-09-22 23:14:55,356 - INFO - PdfTextExtraction - Processing PDF: 202000256888.pdf
2024-09-22 23:15:03,385 - INFO - PdfTextExtraction - Processing PDF: 202000258938.pdf
2024-09-22 23:15:06,881 - INFO - PdfTextExtraction - Processing PDF: 202000259961.pdf
2024-09-22 23:15:15,469 - INFO - PdfTextExtraction - Processing PDF: 202000260212.pdf
2024-09-22 23:15:22,930 - INFO - PdfTextExtraction - Processing PDF: 202000262869.pdf
2024-09-22 23:15:30,075 - INFO - PdfTextExtraction - Processing PDF: 202000265200.pdf
2024-09-22 23:15:38,641 - INFO - PdfTextExtraction - Processing PDF: 202000268864 (1).pdf
2024-09-22 23:15:47,277 - INFO - PdfTextExtraction - Processing PDF: 202000268864.pdf
2024-09-22 23:15:55,890 - INFO - PdfTextExtraction - Processing PDF: 202000270285.pdf
2024-09-22 23:16:07,250 - INFO - PdfTextExtraction - Processing PDF: 202000273730.pdf
2024-09-22 23:16:14,475 - INFO - PdfTextExtraction - Processing PDF: 202000277631.pdf
2024-09-22 23:16:25,622 - INFO - PdfTextExtraction - Processing PDF: 202000278848.pdf
2024-09-22 23:16:33,452 - INFO - PdfTextExtraction - Processing PDF: 202000284974.pdf
2024-09-22 23:16:40,591 - INFO - PdfTextExtraction - Processing PDF: 202000287080.pdf
2024-09-22 23:16:48,621 - INFO - PdfTextExtraction - Processing PDF: 202000300213.pdf
2024-09-22 23:16:59,600 - INFO - PdfTextExtraction - Processing PDF: 202000300985.pdf
2024-09-22 23:17:07,482 - INFO - PdfTextExtraction - Processing PDF: 202000301030.pdf
2024-09-22 23:17:11,911 - INFO - PdfTextExtraction - Processing PDF: 202000302136.pdf
2024-09-22 23:17:20,548 - INFO - PdfTextExtraction - Processing PDF: 202000304836.pdf
2024-09-22 23:17:31,251 - INFO - PdfTextExtraction - Processing PDF: 202000306078.pdf
2024-09-22 23:17:40,274 - INFO - PdfTextExtraction - Processing PDF: 202000307412.pdf
2024-09-22 23:17:47,691 - INFO - PdfTextExtraction - Processing PDF: 202000314686.pdf
2024-09-22 23:17:58,589 - INFO - PdfTextExtraction - Processing PDF: 202000314839.pdf
2024-09-22 23:18:03,038 - INFO - PdfTextExtraction - Processing PDF: 202000315929.pdf
2024-09-22 23:18:10,829 - INFO - PdfTextExtraction - Processing PDF: 202000316705.pdf
2024-09-22 23:18:18,502 - INFO - PdfTextExtraction - Processing PDF: 202000317081.pdf
2024-09-22 23:18:22,352 - INFO - PdfTextExtraction - Processing PDF: 202000319463.pdf
2024-09-22 23:18:28,872 - INFO - PdfTextExtraction - Processing PDF: 202000319523.pdf
2024-09-22 23:18:37,081 - INFO - PdfTextExtraction - Processing PDF: 202000319642.pdf
2024-09-22 23:18:37,796 - INFO - PdfTextExtraction - Processing PDF: 202000321922.pdf
2024-09-22 23:18:45,919 - INFO - PdfTextExtraction - Processing PDF: 202000324080.pdf
2024-09-22 23:18:54,383 - INFO - PdfTextExtraction - Processing PDF: 202000327365.pdf
2024-09-22 23:18:58,457 - INFO - PdfTextExtraction - Processing PDF: 202000328646.pdf
2024-09-22 23:19:06,422 - INFO - PdfTextExtraction - Processing PDF: 202000328647.pdf
2024-09-22 23:19:14,312 - INFO - PdfTextExtraction - Processing PDF: 202000330438.pdf
2024-09-22 23:19:25,046 - INFO - PdfTextExtraction - Processing PDF: 202000337558.pdf
2024-09-22 23:19:32,777 - INFO - PdfTextExtraction - Processing PDF: 202000342192.pdf
2024-09-22 23:19:33,414 - INFO - PdfTextExtraction - Processing PDF: 202000343101.pdf
2024-09-22 23:19:41,460 - INFO - PdfTextExtraction - Processing PDF: 202000343175.pdf
2024-09-22 23:19:49,209 - INFO - PdfTextExtraction - Processing PDF: 202000346986.pdf
2024-09-22 23:19:57,252 - INFO - PdfTextExtraction - Processing PDF: 202000347075.pdf
2024-09-22 23:20:04,360 - INFO - PdfTextExtraction - Processing PDF: 202000348708.pdf
2024-09-22 23:20:11,883 - INFO - PdfTextExtraction - Processing PDF: 202000348745.pdf
2024-09-22 23:20:12,529 - INFO - PdfTextExtraction - Processing PDF: 202000349265.pdf
2024-09-22 23:20:20,490 - INFO - PdfTextExtraction - Processing PDF: 202000350645.pdf
2024-09-22 23:20:24,147 - INFO - PdfTextExtraction - Processing PDF: 202000352103.pdf
2024-09-22 23:20:30,522 - INFO - PdfTextExtraction - Processing PDF: 202000354361.pdf
2024-09-22 23:20:31,184 - INFO - PdfTextExtraction - Processing PDF: 202000354669.pdf
2024-09-22 23:20:39,402 - INFO - PdfTextExtraction - Processing PDF: 202000354878.pdf
2024-09-22 23:20:50,793 - INFO - PdfTextExtraction - Processing PDF: 202000355129.pdf
2024-09-22 23:20:56,990 - INFO - PdfTextExtraction - Processing PDF: 202000355751.pdf
2024-09-22 23:21:03,024 - INFO - PdfTextExtraction - Processing PDF: 202000362151 (1).pdf
2024-09-22 23:21:06,236 - INFO - PdfTextExtraction - Processing PDF: 202000362151.pdf
2024-09-22 23:21:09,452 - INFO - PdfTextExtraction - Processing PDF: 202000365907.pdf
2024-09-22 23:21:17,344 - INFO - PdfTextExtraction - Processing PDF: 202000366213.pdf
2024-09-22 23:21:25,926 - INFO - PdfTextExtraction - Processing PDF: 202000379123.pdf
2024-09-22 23:21:34,142 - INFO - PdfTextExtraction - Processing PDF: 202000380420.pdf
2024-09-22 23:21:41,131 - INFO - PdfTextExtraction - Processing PDF: 202000380421.pdf
2024-09-22 23:21:48,080 - INFO - PdfTextExtraction - Processing PDF: 202000389038.pdf
2024-09-22 23:21:55,712 - INFO - PdfTextExtraction - Processing PDF: 202000391403.pdf
2024-09-22 23:21:56,353 - INFO - PdfTextExtraction - Processing PDF: 202000393526.pdf
2024-09-22 23:22:03,851 - INFO - PdfTextExtraction - Processing PDF: 202000393892.pdf
2024-09-22 23:22:11,960 - INFO - PdfTextExtraction - Processing PDF: 202100015376.pdf
2024-09-22 23:22:12,668 - INFO - PdfTextExtraction - Processing PDF: 202100015540.pdf
2024-09-22 23:22:22,242 - INFO - PdfTextExtraction - Processing PDF: 202100015762.pdf
2024-09-22 23:22:29,915 - INFO - PdfTextExtraction - Processing PDF: 202100020958.pdf
2024-09-22 23:22:38,658 - INFO - PdfTextExtraction - Processing PDF: 202100021569.pdf
2024-09-22 23:22:46,373 - INFO - PdfTextExtraction - Processing PDF: 202100021986.pdf
2024-09-22 23:22:50,036 - INFO - PdfTextExtraction - Processing PDF: 202100028761.pdf
2024-09-22 23:22:53,750 - INFO - PdfTextExtraction - Processing PDF: 202100028928.pdf
2024-09-22 23:23:00,632 - INFO - PdfTextExtraction - Processing PDF: 202100034556.pdf
2024-09-22 23:23:08,903 - INFO - PdfTextExtraction - Processing PDF: 202100035114.pdf
2024-09-22 23:23:12,546 - INFO - PdfTextExtraction - Processing PDF: 202000228429.pdf
2024-09-22 23:23:23,243 - INFO - PdfTextExtraction - Processing PDF: 202000239041.pdf
2024-09-22 23:23:27,235 - INFO - PdfTextExtraction - Processing PDF: 202000251885.pdf
2024-09-22 23:23:34,849 - INFO - PdfTextExtraction - Processing PDF: 202000262197.pdf
2024-09-22 23:23:47,132 - INFO - PdfTextExtraction - Processing PDF: 202000276953.pdf
2024-09-22 23:23:54,328 - INFO - PdfTextExtraction - Processing PDF: 202000299970.pdf
2024-09-22 23:24:06,016 - INFO - PdfTextExtraction - Processing PDF: 202000310741.pdf
2024-09-22 23:24:13,294 - INFO - PdfTextExtraction - Processing PDF: 202000320749.pdf
2024-09-22 23:24:21,771 - INFO - PdfTextExtraction - Processing PDF: 202000336001.pdf
2024-09-22 23:24:32,328 - INFO - PdfTextExtraction - Processing PDF: 202000346731.pdf
2024-09-22 23:24:36,627 - INFO - PdfTextExtraction - Processing PDF: 202000352691.pdf
2024-09-22 23:24:46,781 - INFO - PdfTextExtraction - Processing PDF: 202000375900.pdf
2024-09-22 23:24:56,940 - INFO - PdfTextExtraction - Processing PDF: 202000383540.pdf
2024-09-22 23:25:02,373 - INFO - PdfTextExtraction - Processing PDF: 202100002136.pdf
2024-09-22 23:25:10,556 - INFO - PdfTextExtraction - Processing PDF: 202100042384.pdf
2024-09-22 23:25:21,745 - INFO - PdfTextExtraction - Processing PDF: 202100042398.pdf
2024-09-22 23:25:30,159 - INFO - PdfTextExtraction - Processing PDF: 202100047123.pdf
2024-09-22 23:25:30,718 - INFO - PdfTextExtraction - Processing PDF: 202100047342.pdf
2024-09-22 23:25:36,700 - INFO - PdfTextExtraction - Processing PDF: 202100047693.pdf
2024-09-22 23:25:39,736 - INFO - PdfTextExtraction - Processing PDF: 202100048660.pdf
2024-09-22 23:25:47,351 - INFO - PdfTextExtraction - Processing PDF: 202100051070.pdf
2024-09-22 23:25:55,760 - INFO - PdfTextExtraction - Processing PDF: 202100055144.pdf
2024-09-22 23:26:04,359 - INFO - PdfTextExtraction - Processing PDF: 202100055835.pdf
2024-09-22 23:26:08,023 - INFO - PdfTextExtraction - Processing PDF: 202100058449.pdf
2024-09-22 23:26:19,223 - INFO - PdfTextExtraction - Processing PDF: 202100059411.pdf
2024-09-22 23:26:27,736 - INFO - PdfTextExtraction - Processing PDF: 202100060114.pdf
2024-09-22 23:26:34,422 - INFO - PdfTextExtraction - Processing PDF: 202100061450.pdf
2024-09-22 23:26:38,030 - INFO - PdfTextExtraction - Processing PDF: 202100064965.pdf
2024-09-22 23:26:46,774 - INFO - PdfTextExtraction - Processing PDF: 202100066035.pdf
2024-09-22 23:26:55,557 - INFO - PdfTextExtraction - Processing PDF: 202100072991.pdf
2024-09-22 23:27:02,653 - INFO - PdfTextExtraction - Processing PDF: 202100073131.pdf
2024-09-22 23:27:14,640 - INFO - PdfTextExtraction - Processing PDF: 202100074804.pdf
2024-09-22 23:27:22,854 - INFO - PdfTextExtraction - Processing PDF: 202100075275.pdf
2024-09-22 23:27:30,643 - INFO - PdfTextExtraction - Processing PDF: 202100078803.pdf
2024-09-22 23:27:37,980 - INFO - PdfTextExtraction - Processing PDF: 202100080007.pdf
2024-09-22 23:27:46,256 - INFO - PdfTextExtraction - Processing PDF: 202100084140.pdf
2024-09-22 23:27:52,532 - INFO - PdfTextExtraction - Processing PDF: 202100084174.pdf
2024-09-22 23:28:03,803 - INFO - PdfTextExtraction - Processing PDF: 202100086614.pdf
2024-09-22 23:28:04,530 - INFO - PdfTextExtraction - Processing PDF: 202100086866.pdf
2024-09-22 23:28:11,916 - INFO - PdfTextExtraction - Processing PDF: 202100087083.pdf
2024-09-22 23:28:20,526 - INFO - PdfTextExtraction - Processing PDF: 202100088852.pdf
2024-09-22 23:28:29,258 - INFO - PdfTextExtraction - Processing PDF: 202100090389.pdf
2024-09-22 23:28:36,729 - INFO - PdfTextExtraction - Processing PDF: 202100095450.pdf
2024-09-22 23:28:42,403 - INFO - PdfTextExtraction - Processing PDF: 202100096284.pdf
2024-09-22 23:28:49,018 - INFO - PdfTextExtraction - Processing PDF: 202100096678.pdf
2024-09-22 23:28:55,146 - INFO - PdfTextExtraction - Processing PDF: 202100098680.pdf
2024-09-22 23:28:59,366 - INFO - PdfTextExtraction - Processing PDF: 202100099587.pdf
2024-09-22 23:29:10,162 - INFO - PdfTextExtraction - Processing PDF: 202100105726.pdf
2024-09-22 23:29:18,033 - INFO - PdfTextExtraction - Processing PDF: 202100107950.pdf
2024-09-22 23:29:25,302 - INFO - PdfTextExtraction - Processing PDF: 202100109470.pdf
2024-09-22 23:29:33,041 - INFO - PdfTextExtraction - Processing PDF: 202100110045.pdf
2024-09-22 23:29:40,779 - INFO - PdfTextExtraction - Processing PDF: 202100112412.pdf
2024-09-22 23:29:49,433 - INFO - PdfTextExtraction - Processing PDF: 202100114711.pdf
2024-09-22 23:29:57,210 - INFO - PdfTextExtraction - Processing PDF: 202100116349.pdf
2024-09-22 23:30:05,832 - INFO - PdfTextExtraction - Processing PDF: 202100116430.pdf
2024-09-22 23:30:13,913 - INFO - PdfTextExtraction - Processing PDF: 202100124594.pdf
2024-09-22 23:30:14,598 - INFO - PdfTextExtraction - Processing PDF: 202100124758.pdf
2024-09-22 23:30:20,997 - INFO - PdfTextExtraction - Processing PDF: 202100125246.pdf
2024-09-22 23:30:29,645 - INFO - PdfTextExtraction - Processing PDF: 202100131579.pdf
2024-09-22 23:30:33,523 - INFO - PdfTextExtraction - Processing PDF: 202100132230.pdf
2024-09-22 23:30:34,198 - INFO - PdfTextExtraction - Processing PDF: 202100137267.pdf
2024-09-22 23:30:40,272 - INFO - PdfTextExtraction - Processing PDF: 202100137287.pdf
2024-09-22 23:30:52,220 - INFO - PdfTextExtraction - Processing PDF: 202100137329.pdf
2024-09-22 23:30:58,398 - INFO - PdfTextExtraction - Processing PDF: 202100261519.pdf
2024-09-22 23:31:06,336 - INFO - PdfTextExtraction - Processing PDF: 202100261771.pdf
2024-09-22 23:31:14,606 - INFO - PdfTextExtraction - Processing PDF: 202100261772.pdf
2024-09-22 23:31:22,923 - INFO - PdfTextExtraction - Processing PDF: 202100261812.pdf
2024-09-22 23:31:31,209 - INFO - PdfTextExtraction - Processing PDF: 202100263569.pdf
2024-09-22 23:31:42,466 - INFO - PdfTextExtraction - Processing PDF: 202100268600.pdf
2024-09-22 23:31:54,453 - INFO - PdfTextExtraction - Processing PDF: 202100269385.pdf
2024-09-22 23:32:00,597 - INFO - PdfTextExtraction - Processing PDF: 202100269676.pdf
2024-09-22 23:32:07,717 - INFO - PdfTextExtraction - Processing PDF: 202100271907.pdf
2024-09-22 23:32:17,923 - INFO - PdfTextExtraction - Processing PDF: 202100272373.pdf
2024-09-22 23:32:26,089 - INFO - PdfTextExtraction - Processing PDF: 202200054288.pdf
2024-09-22 23:32:37,423 - INFO - PdfTextExtraction - Processing PDF: 202200055158.pdf
2024-09-22 23:32:48,415 - INFO - PdfTextExtraction - Processing PDF: 202200060340.pdf
2024-09-22 23:33:00,041 - INFO - PdfTextExtraction - Processing PDF: 202200304269.pdf
2024-09-22 23:33:06,282 - INFO - PdfTextExtraction - Processing PDF: 202200305666.pdf
2024-09-22 23:33:17,468 - INFO - PdfTextExtraction - Processing PDF: 202200306054.pdf
2024-09-22 23:33:23,136 - INFO - PdfTextExtraction - Processing PDF: 202200306061.pdf
2024-09-22 23:33:28,822 - INFO - PdfTextExtraction - Processing PDF: 202200306215.pdf
2024-09-22 23:33:36,508 - INFO - PdfTextExtraction - Processing PDF: 202200306594.pdf
2024-09-22 23:33:47,821 - INFO - PdfTextExtraction - Processing PDF: 202200306603.pdf
2024-09-22 23:33:55,903 - INFO - PdfTextExtraction - Processing PDF: 202200306604.pdf
2024-09-22 23:34:04,059 - INFO - PdfTextExtraction - Processing PDF: 202200307981.pdf
2024-09-22 23:34:04,764 - INFO - PdfTextExtraction - Processing PDF: 202200308123.pdf
2024-09-22 23:34:10,558 - INFO - PdfTextExtraction - Processing PDF: 202200309375.pdf
2024-09-22 23:34:14,834 - INFO - PdfTextExtraction - Processing PDF: 202200313136.pdf
2024-09-22 23:34:22,058 - INFO - PdfTextExtraction - Processing PDF: 202200314366.pdf
2024-09-22 23:34:27,790 - INFO - PdfTextExtraction - Processing PDF: 202200315984.pdf
2024-09-22 23:34:38,351 - INFO - PdfTextExtraction - Processing PDF: 202200316698.pdf
2024-09-22 23:34:49,470 - INFO - PdfTextExtraction - Processing PDF: 202200318272.pdf
2024-09-22 23:34:50,140 - INFO - PdfTextExtraction - Processing PDF: 202200319748.pdf
2024-09-22 23:34:50,774 - INFO - PdfTextExtraction - Processing PDF: 202200322131.pdf
2024-09-22 23:34:59,228 - INFO - PdfTextExtraction - Processing PDF: 202300107450.pdf
2024-09-22 23:35:03,451 - INFO - PdfTextExtraction - Processing PDF: 202300111208.pdf
2024-09-22 23:35:07,426 - INFO - PdfTextExtraction - Processing PDF: 202300111887.pdf
2024-09-22 23:35:11,645 - INFO - PdfTextExtraction - Processing PDF: 202300112206.pdf
2024-09-22 23:35:21,629 - INFO - PdfTextExtraction - Processing PDF: 202300112951.pdf
2024-09-22 23:35:28,229 - INFO - PdfTextExtraction - Processing PDF: 202300118281.pdf
2024-09-22 23:35:36,299 - INFO - PdfTextExtraction - Processing PDF: 202100141768.pdf
2024-09-22 23:35:47,307 - INFO - PdfTextExtraction - Processing PDF: 202100143740.pdf
2024-09-22 23:35:58,590 - INFO - PdfTextExtraction - Processing PDF: 202100145545.pdf
2024-09-22 23:36:06,495 - INFO - PdfTextExtraction - Processing PDF: 202100146846.pdf
2024-09-22 23:36:12,621 - INFO - PdfTextExtraction - Processing PDF: 202100148299.pdf
2024-09-22 23:36:21,312 - INFO - PdfTextExtraction - Processing PDF: 202100152094.pdf
2024-09-22 23:36:28,565 - INFO - PdfTextExtraction - Processing PDF: 202100155792.pdf
2024-09-22 23:36:39,123 - INFO - PdfTextExtraction - Processing PDF: 202100156512.pdf
2024-09-22 23:36:46,973 - INFO - PdfTextExtraction - Processing PDF: 202100160278.pdf
2024-09-22 23:36:53,515 - INFO - PdfTextExtraction - Processing PDF: 202100165231.pdf
2024-09-22 23:37:01,937 - INFO - PdfTextExtraction - Processing PDF: 202100169936.pdf
2024-09-22 23:37:10,302 - INFO - PdfTextExtraction - Processing PDF: 202100169941.pdf
2024-09-22 23:37:18,661 - INFO - PdfTextExtraction - Processing PDF: 202100172172.pdf
2024-09-22 23:37:25,557 - INFO - PdfTextExtraction - Processing PDF: 202100172489.pdf
2024-09-22 23:37:35,434 - INFO - PdfTextExtraction - Processing PDF: 202100172494.pdf
2024-09-22 23:37:45,344 - INFO - PdfTextExtraction - Processing PDF: 202100173520.pdf
2024-09-22 23:37:52,657 - INFO - PdfTextExtraction - Processing PDF: 202100174196.pdf
2024-09-22 23:37:57,186 - INFO - PdfTextExtraction - Processing PDF: 202100037968.pdf
2024-09-22 23:38:04,402 - INFO - PdfTextExtraction - Processing PDF: 202100048667.pdf
2024-09-22 23:38:12,010 - INFO - PdfTextExtraction - Processing PDF: 202100071124.pdf
2024-09-22 23:38:22,220 - INFO - PdfTextExtraction - Processing PDF: 202100082910.pdf
2024-09-22 23:38:33,666 - INFO - PdfTextExtraction - Processing PDF: 202100095563.pdf
2024-09-22 23:38:44,562 - INFO - PdfTextExtraction - Processing PDF: 202100108260.pdf
2024-09-22 23:38:48,466 - INFO - PdfTextExtraction - Processing PDF: 202100122431.pdf
2024-09-22 23:38:56,820 - INFO - PdfTextExtraction - Processing PDF: 202100128210.pdf
2024-09-22 23:39:04,150 - INFO - PdfTextExtraction - Processing PDF: 202100139924.pdf
2024-09-22 23:39:12,999 - INFO - PdfTextExtraction - Processing PDF: 202100151918.pdf
2024-09-22 23:39:21,319 - INFO - PdfTextExtraction - Processing PDF: 202100167832.pdf
2024-09-22 23:39:35,083 - INFO - PdfTextExtraction - Processing PDF: 202100174360.pdf
2024-09-22 23:39:43,183 - INFO - PdfTextExtraction - Processing PDF: 202100189962.pdf
2024-09-22 23:39:55,443 - INFO - PdfTextExtraction - Processing PDF: 202100199397.pdf
2024-09-22 23:40:03,239 - INFO - PdfTextExtraction - Processing PDF: 202100208650.pdf
2024-09-22 23:40:10,306 - INFO - PdfTextExtraction - Processing PDF: 202100174697.pdf
2024-09-22 23:40:17,629 - INFO - PdfTextExtraction - Processing PDF: 202100175664.pdf
2024-09-22 23:40:21,472 - INFO - PdfTextExtraction - Processing PDF: 202100176068.pdf
2024-09-22 23:40:29,208 - INFO - PdfTextExtraction - Processing PDF: 202100177013.pdf
2024-09-22 23:40:40,491 - INFO - PdfTextExtraction - Processing PDF: 202100177886.pdf
2024-09-22 23:40:50,279 - INFO - PdfTextExtraction - Processing PDF: 202100180928.pdf
2024-09-22 23:40:58,601 - INFO - PdfTextExtraction - Processing PDF: 202100180972.pdf
2024-09-22 23:41:06,401 - INFO - PdfTextExtraction - Processing PDF: 202100180973.pdf
2024-09-22 23:41:14,162 - INFO - PdfTextExtraction - Processing PDF: 202100182972.pdf
2024-09-22 23:41:22,750 - INFO - PdfTextExtraction - Processing PDF: 202100193498.pdf
2024-09-22 23:41:31,201 - INFO - PdfTextExtraction - Processing PDF: 202100194068.pdf
2024-09-22 23:41:39,806 - INFO - PdfTextExtraction - Processing PDF: 202100199160.pdf
2024-09-22 23:41:51,562 - INFO - PdfTextExtraction - Processing PDF: 202100199406.pdf
2024-09-22 23:41:57,883 - INFO - PdfTextExtraction - Processing PDF: 202100200733.pdf
2024-09-22 23:42:05,733 - INFO - PdfTextExtraction - Processing PDF: 202100202016.pdf
2024-09-22 23:42:14,466 - INFO - PdfTextExtraction - Processing PDF: 202100203457.pdf
2024-09-22 23:42:24,770 - INFO - PdfTextExtraction - Processing PDF: 202100203481.pdf
2024-09-22 23:42:31,314 - INFO - PdfTextExtraction - Processing PDF: 202100208455.pdf
2024-09-22 23:42:38,864 - INFO - PdfTextExtraction - Processing PDF: 202100208456.pdf
2024-09-22 23:42:46,794 - INFO - PdfTextExtraction - Processing PDF: 202100208847.pdf
2024-09-22 23:42:47,457 - INFO - PdfTextExtraction - Processing PDF: 202100214953.pdf
2024-09-22 23:42:54,965 - INFO - PdfTextExtraction - Processing PDF: 202100215088.pdf
2024-09-22 23:42:58,779 - INFO - PdfTextExtraction - Processing PDF: 202100217185.pdf
2024-09-22 23:43:07,278 - INFO - PdfTextExtraction - Processing PDF: 202100221449.pdf
2024-09-22 23:43:13,060 - INFO - PdfTextExtraction - Processing PDF: 202100224064.pdf
2024-09-22 23:43:19,926 - INFO - PdfTextExtraction - Processing PDF: 202100226574.pdf
2024-09-22 23:43:27,991 - INFO - PdfTextExtraction - Processing PDF: 202100228327.pdf
2024-09-22 23:43:35,152 - INFO - PdfTextExtraction - Processing PDF: 202100230907.pdf
2024-09-22 23:43:43,378 - INFO - PdfTextExtraction - Processing PDF: 202100231011.pdf
2024-09-22 23:43:49,984 - INFO - PdfTextExtraction - Processing PDF: 202100232963.pdf
2024-09-22 23:43:57,760 - INFO - PdfTextExtraction - Processing PDF: 202100234423.pdf
2024-09-22 23:44:05,669 - INFO - PdfTextExtraction - Processing PDF: 202100234930.pdf
2024-09-22 23:44:15,540 - INFO - PdfTextExtraction - Processing PDF: 202100235751.pdf
2024-09-22 23:44:22,046 - INFO - PdfTextExtraction - Processing PDF: 202100237465.pdf
2024-09-22 23:44:30,023 - INFO - PdfTextExtraction - Processing PDF: 202100237471.pdf
2024-09-22 23:44:37,991 - INFO - PdfTextExtraction - Processing PDF: 202100238801.pdf
2024-09-22 23:44:45,384 - INFO - PdfTextExtraction - Processing PDF: 202100240673.pdf
2024-09-22 23:44:52,009 - INFO - PdfTextExtraction - Processing PDF: 202100241010.pdf
2024-09-22 23:45:03,463 - INFO - PdfTextExtraction - Processing PDF: 202100242422.pdf
2024-09-22 23:45:11,078 - INFO - PdfTextExtraction - Processing PDF: 202100245789.pdf
2024-09-22 23:45:18,609 - INFO - PdfTextExtraction - Processing PDF: 202100246573.pdf
2024-09-22 23:45:24,989 - INFO - PdfTextExtraction - Processing PDF: 202100249787.pdf
2024-09-22 23:45:25,570 - INFO - PdfTextExtraction - Processing PDF: 202100250077.pdf
2024-09-22 23:45:32,458 - INFO - PdfTextExtraction - Processing PDF: 202100251367.pdf
2024-09-22 23:45:38,957 - INFO - PdfTextExtraction - Processing PDF: 202100254091.pdf
2024-09-22 23:45:46,079 - INFO - PdfTextExtraction - Processing PDF: 202100256098.pdf
2024-09-22 23:45:53,951 - INFO - PdfTextExtraction - Processing PDF: 202100256433.pdf
2024-09-22 23:46:01,603 - INFO - PdfTextExtraction - Processing PDF: 202100256646.pdf
2024-09-22 23:46:08,534 - INFO - PdfTextExtraction - Processing PDF: 202100257108.pdf
2024-09-22 23:46:09,196 - INFO - PdfTextExtraction - Processing PDF: 202100259081.pdf
2024-09-22 23:46:15,574 - INFO - PdfTextExtraction - Processing PDF: 202100259797.pdf
2024-09-22 23:46:22,377 - INFO - PdfTextExtraction - Processing PDF: 202100277638.pdf
2024-09-22 23:46:30,501 - INFO - PdfTextExtraction - Processing PDF: 202100279104.pdf
2024-09-22 23:46:38,859 - INFO - PdfTextExtraction - Processing PDF: 202100279593.pdf
2024-09-22 23:46:47,315 - INFO - PdfTextExtraction - Processing PDF: 202100280356.pdf
2024-09-22 23:46:54,001 - INFO - PdfTextExtraction - Processing PDF: 202100283033.pdf
2024-09-22 23:46:57,877 - INFO - PdfTextExtraction - Processing PDF: 202100283299.pdf
2024-09-22 23:47:05,190 - INFO - PdfTextExtraction - Processing PDF: 202100283871.pdf
2024-09-22 23:47:13,640 - INFO - PdfTextExtraction - Processing PDF: 202100284159.pdf
2024-09-22 23:47:27,955 - INFO - PdfTextExtraction - Processing PDF: 202100286381.pdf
2024-09-22 23:47:37,500 - INFO - PdfTextExtraction - Processing PDF: 202100287276.pdf
2024-09-22 23:47:47,842 - INFO - PdfTextExtraction - Processing PDF: 202100287479.pdf
2024-09-22 23:47:58,623 - INFO - PdfTextExtraction - Processing PDF: 202100287887.pdf
2024-09-22 23:48:06,151 - INFO - PdfTextExtraction - Processing PDF: 202100288532.pdf
2024-09-22 23:48:17,269 - INFO - PdfTextExtraction - Processing PDF: 202100288778.pdf
2024-09-22 23:48:24,270 - INFO - PdfTextExtraction - Processing PDF: 202100290106.pdf
2024-09-22 23:48:32,165 - INFO - PdfTextExtraction - Processing PDF: 202100291063.pdf
2024-09-22 23:48:40,014 - INFO - PdfTextExtraction - Processing PDF: 202100294590.pdf
2024-09-22 23:48:46,287 - INFO - PdfTextExtraction - Processing PDF: 202100296930.pdf
2024-09-22 23:48:54,018 - INFO - PdfTextExtraction - Processing PDF: 202100297311.pdf
2024-09-22 23:48:54,707 - INFO - PdfTextExtraction - Processing PDF: 202100298402.pdf
2024-09-22 23:49:03,973 - INFO - PdfTextExtraction - Processing PDF: 202100299753.pdf
2024-09-22 23:49:11,456 - INFO - PdfTextExtraction - Processing PDF: 202100300630.pdf
2024-09-22 23:49:18,583 - INFO - PdfTextExtraction - Processing PDF: 202100302814.pdf
2024-09-22 23:49:28,839 - INFO - PdfTextExtraction - Processing PDF: 202100302889.pdf
2024-09-22 23:49:36,802 - INFO - PdfTextExtraction - Processing PDF: 202100303479.pdf
2024-09-22 23:49:43,826 - INFO - PdfTextExtraction - Processing PDF: 202100303819.pdf
2024-09-22 23:49:48,757 - INFO - PdfTextExtraction - Processing PDF: 202100304719.pdf
2024-09-22 23:49:57,729 - INFO - PdfTextExtraction - Processing PDF: 202100308023.pdf
2024-09-22 23:50:07,540 - INFO - PdfTextExtraction - Processing PDF: 202100308153.pdf
2024-09-22 23:50:13,944 - INFO - PdfTextExtraction - Processing PDF: 202100309513.pdf
2024-09-22 23:50:26,127 - INFO - PdfTextExtraction - Processing PDF: 202100309632.pdf
2024-09-22 23:50:26,802 - INFO - PdfTextExtraction - Processing PDF: 202100309743.pdf
2024-09-22 23:50:34,925 - INFO - PdfTextExtraction - Processing PDF: 202100310239.pdf
2024-09-22 23:50:42,310 - INFO - PdfTextExtraction - Processing PDF: 202100310695.pdf
2024-09-22 23:50:49,804 - INFO - PdfTextExtraction - Processing PDF: 202100311054.pdf
2024-09-22 23:50:58,214 - INFO - PdfTextExtraction - Processing PDF: 202100311838.pdf
2024-09-22 23:51:08,679 - INFO - PdfTextExtraction - Processing PDF: 202100317848.pdf
2024-09-22 23:51:16,947 - INFO - PdfTextExtraction - Processing PDF: 202100319093.pdf
2024-09-22 23:51:24,098 - INFO - PdfTextExtraction - Processing PDF: 202100319997.pdf
2024-09-22 23:51:28,979 - INFO - PdfTextExtraction - Processing PDF: 202100321842.pdf
2024-09-22 23:51:35,906 - INFO - PdfTextExtraction - Processing PDF: 202100322514.pdf
2024-09-22 23:51:36,546 - INFO - PdfTextExtraction - Processing PDF: 202100322557.pdf
2024-09-22 23:51:41,897 - INFO - PdfTextExtraction - Processing PDF: 202100323187.pdf
2024-09-22 23:51:53,620 - INFO - PdfTextExtraction - Processing PDF: 202100323474.pdf
2024-09-22 23:52:00,453 - INFO - PdfTextExtraction - Processing PDF: 202100323775.pdf
2024-09-22 23:52:08,298 - INFO - PdfTextExtraction - Processing PDF: 202100329293.pdf
2024-09-22 23:52:18,993 - INFO - PdfTextExtraction - Processing PDF: 202100330068.pdf
2024-09-22 23:52:28,534 - INFO - PdfTextExtraction - Processing PDF: 202100331217.pdf
2024-09-22 23:52:31,768 - INFO - PdfTextExtraction - Processing PDF: 202100332329.pdf
2024-09-22 23:52:38,364 - INFO - PdfTextExtraction - Processing PDF: 202100333375.pdf
2024-09-22 23:52:39,103 - INFO - PdfTextExtraction - Processing PDF: 202100333850.pdf
2024-09-22 23:52:51,731 - INFO - PdfTextExtraction - Processing PDF: 202100334859.pdf
2024-09-22 23:52:58,911 - INFO - PdfTextExtraction - Processing PDF: 202100336050.pdf
2024-09-22 23:53:08,006 - INFO - PdfTextExtraction - Processing PDF: 202100336824.pdf
2024-09-22 23:53:11,317 - INFO - PdfTextExtraction - Processing PDF: 202100336832.pdf
2024-09-22 23:53:19,504 - INFO - PdfTextExtraction - Processing PDF: 202100338022.pdf
2024-09-22 23:53:26,234 - INFO - PdfTextExtraction - Processing PDF: 202100338435.pdf
2024-09-22 23:53:34,931 - INFO - PdfTextExtraction - Processing PDF: 202100339972.pdf
2024-09-22 23:53:40,421 - INFO - PdfTextExtraction - Processing PDF: 202100340446.pdf
2024-09-22 23:53:48,204 - INFO - PdfTextExtraction - Processing PDF: 202100340793.pdf
2024-09-22 23:53:56,628 - INFO - PdfTextExtraction - Processing PDF: 202100342514.pdf
2024-09-22 23:54:02,254 - INFO - PdfTextExtraction - Processing PDF: 202100346040.pdf
2024-09-22 23:54:15,595 - INFO - PdfTextExtraction - Processing PDF: 202100346800.pdf
2024-09-22 23:54:22,466 - INFO - PdfTextExtraction - Processing PDF: 202100348145.pdf
2024-09-22 23:54:30,067 - INFO - PdfTextExtraction - Processing PDF: 202100349788.pdf
2024-09-22 23:54:38,303 - INFO - PdfTextExtraction - Processing PDF: 202100349923.pdf
2024-09-22 23:54:50,931 - INFO - PdfTextExtraction - Processing PDF: 202100237010.pdf
2024-09-22 23:54:58,655 - INFO - PdfTextExtraction - Processing PDF: 202100244050.pdf
2024-09-22 23:55:06,434 - INFO - PdfTextExtraction - Processing PDF: 202100256338.pdf
2024-09-22 23:55:14,692 - INFO - PdfTextExtraction - Processing PDF: 202100261319.pdf
2024-09-22 23:55:25,983 - INFO - PdfTextExtraction - Processing PDF: 202100275327.pdf
2024-09-22 23:55:36,150 - INFO - PdfTextExtraction - Processing PDF: 202100281848.pdf
2024-09-22 23:55:43,236 - INFO - PdfTextExtraction - Processing PDF: 202100288590.pdf
2024-09-22 23:55:46,945 - INFO - PdfTextExtraction - Processing PDF: 202100298468.pdf
2024-09-22 23:55:59,269 - INFO - PdfTextExtraction - Processing PDF: 202100307224.pdf
2024-09-22 23:56:06,917 - INFO - PdfTextExtraction - Processing PDF: 202100317165.pdf
2024-09-22 23:56:12,582 - INFO - PdfTextExtraction - Processing PDF: 202100325693.pdf
2024-09-22 23:56:23,225 - INFO - PdfTextExtraction - Processing PDF: 202100335760.pdf
2024-09-22 23:56:23,883 - INFO - PdfTextExtraction - Processing PDF: 202100350805.pdf
2024-09-22 23:56:31,650 - INFO - PdfTextExtraction - Processing PDF: 202100364251.pdf
2024-09-22 23:56:39,839 - INFO - PdfTextExtraction - Processing PDF: 202100378210.pdf
2024-09-22 23:56:40,487 - INFO - PdfTextExtraction - Processing PDF: 202000214205.pdf
2024-09-22 23:56:44,358 - INFO - PdfTextExtraction - Processing PDF: 202100017234.pdf
2024-09-22 23:56:54,640 - INFO - PdfTextExtraction - Processing PDF: 202100229984.pdf
2024-09-22 23:57:04,702 - INFO - PdfTextExtraction - Processing PDF: 202100391225.pdf
2024-09-22 23:57:16,150 - INFO - PdfTextExtraction - Processing PDF: 202200219863.pdf
2024-09-22 23:57:28,003 - INFO - PdfTextExtraction - Processing PDF: 202300018904.pdf
2024-09-22 23:57:35,249 - INFO - PdfTextExtraction - Processing PDF: 202100354815.pdf
2024-09-22 23:57:46,287 - INFO - PdfTextExtraction - Processing PDF: 202100354849.pdf
2024-09-22 23:57:52,586 - INFO - PdfTextExtraction - Processing PDF: 202100355002.pdf
2024-09-22 23:57:59,422 - INFO - PdfTextExtraction - Processing PDF: 202100355045.pdf
2024-09-22 23:58:09,752 - INFO - PdfTextExtraction - Processing PDF: 202100355052.pdf
2024-09-22 23:58:10,928 - INFO - PdfTextExtraction - Processing PDF: 202100355901.pdf
2024-09-22 23:58:22,258 - INFO - PdfTextExtraction - Processing PDF: 202100360794.pdf
2024-09-22 23:58:30,278 - INFO - PdfTextExtraction - Processing PDF: 202100361803.pdf
2024-09-22 23:58:41,527 - INFO - PdfTextExtraction - Processing PDF: 202100362198.pdf
2024-09-22 23:58:48,825 - INFO - PdfTextExtraction - Processing PDF: 202100365901.pdf
2024-09-22 23:58:56,159 - INFO - PdfTextExtraction - Processing PDF: 202100372615.pdf
2024-09-22 23:58:56,882 - INFO - PdfTextExtraction - Processing PDF: 202100373175.pdf
2024-09-22 23:59:07,664 - INFO - PdfTextExtraction - Processing PDF: 202100373552.pdf
2024-09-22 23:59:20,180 - INFO - PdfTextExtraction - Processing PDF: 202100374786.pdf
2024-09-22 23:59:30,738 - INFO - PdfTextExtraction - Processing PDF: 202100374903.pdf
2024-09-22 23:59:42,078 - INFO - PdfTextExtraction - Processing PDF: 202100378853.pdf
2024-09-22 23:59:49,074 - INFO - PdfTextExtraction - Processing PDF: 202100379045.pdf
2024-09-23 00:00:00,848 - INFO - PdfTextExtraction - Processing PDF: 202100380213.pdf
2024-09-23 00:00:09,694 - INFO - PdfTextExtraction - Processing PDF: 202100383037.pdf
2024-09-23 00:00:17,371 - INFO - PdfTextExtraction - Processing PDF: 202100384776.pdf
2024-09-23 00:00:27,541 - INFO - PdfTextExtraction - Processing PDF: 202100389859.pdf
2024-09-23 00:00:32,699 - INFO - PdfTextExtraction - Processing PDF: 202100391228.pdf
2024-09-23 00:00:44,128 - INFO - PdfTextExtraction - Processing PDF: 202100392469.pdf
2024-09-23 00:00:47,934 - INFO - PdfTextExtraction - Processing PDF: 202100393105.pdf
2024-09-23 00:00:54,146 - INFO - PdfTextExtraction - Processing PDF: 202200004687.pdf
2024-09-23 00:01:02,641 - INFO - PdfTextExtraction - Processing PDF: 202200006268.pdf
2024-09-23 00:01:10,474 - INFO - PdfTextExtraction - Processing PDF: 202200009796.pdf
2024-09-23 00:01:18,081 - INFO - PdfTextExtraction - Processing PDF: 202200012349.pdf
2024-09-23 00:01:22,146 - INFO - PdfTextExtraction - Processing PDF: 202200017988.pdf
2024-09-23 00:01:22,857 - INFO - PdfTextExtraction - Processing PDF: 202200019281.pdf
2024-09-23 00:01:27,170 - INFO - PdfTextExtraction - Processing PDF: 202200019436.pdf
2024-09-23 00:01:36,191 - INFO - PdfTextExtraction - Processing PDF: 202200019437.pdf
2024-09-23 00:01:40,503 - INFO - PdfTextExtraction - Processing PDF: 202200019529.pdf
2024-09-23 00:01:44,965 - INFO - PdfTextExtraction - Processing PDF: 202200022680.pdf
2024-09-23 00:01:53,010 - INFO - PdfTextExtraction - Processing PDF: 202200023229.pdf
2024-09-23 00:02:00,762 - INFO - PdfTextExtraction - Processing PDF: 202200025662.pdf
2024-09-23 00:02:05,406 - INFO - PdfTextExtraction - Processing PDF: 202200026350.pdf
2024-09-23 00:02:06,135 - INFO - PdfTextExtraction - Processing PDF: 202200035550.pdf
2024-09-23 00:02:16,105 - INFO - PdfTextExtraction - Processing PDF: 202200037601.pdf
2024-09-23 00:02:26,680 - INFO - PdfTextExtraction - Processing PDF: 202200037787.pdf
2024-09-23 00:02:34,431 - INFO - PdfTextExtraction - Processing PDF: 202200039767.pdf
2024-09-23 00:02:42,221 - INFO - PdfTextExtraction - Processing PDF: 202200039845.pdf
2024-09-23 00:02:42,883 - INFO - PdfTextExtraction - Processing PDF: 202200039846.pdf
2024-09-23 00:02:43,523 - INFO - PdfTextExtraction - Processing PDF: 202200039868.pdf
2024-09-23 00:02:51,152 - INFO - PdfTextExtraction - Processing PDF: 202200062506.pdf
2024-09-23 00:03:00,203 - INFO - PdfTextExtraction - Processing PDF: 202200063366.pdf
2024-09-23 00:03:03,970 - INFO - PdfTextExtraction - Processing PDF: 202200065241.pdf
2024-09-23 00:03:11,556 - INFO - PdfTextExtraction - Processing PDF: 202200066298.pdf
2024-09-23 00:03:16,822 - INFO - PdfTextExtraction - Processing PDF: 202200067337.pdf
2024-09-23 00:03:23,970 - INFO - PdfTextExtraction - Processing PDF: 202200073410.pdf
2024-09-23 00:03:31,736 - INFO - PdfTextExtraction - Processing PDF: 202200074695.pdf
2024-09-23 00:03:40,799 - INFO - PdfTextExtraction - Processing PDF: 202200076145.pdf
2024-09-23 00:03:49,059 - INFO - PdfTextExtraction - Processing PDF: 202200077425.pdf
2024-09-23 00:03:57,129 - INFO - PdfTextExtraction - Processing PDF: 202200082632.pdf
2024-09-23 00:04:07,662 - INFO - PdfTextExtraction - Processing PDF: 202200084347.pdf
2024-09-23 00:04:10,804 - INFO - PdfTextExtraction - Processing PDF: 202200084941.pdf
2024-09-23 00:04:19,682 - INFO - PdfTextExtraction - Processing PDF: 202200085727.pdf
2024-09-23 00:04:20,339 - INFO - PdfTextExtraction - Processing PDF: 202200086211.pdf
2024-09-23 00:04:29,671 - INFO - PdfTextExtraction - Processing PDF: 202200088154.pdf
2024-09-23 00:04:40,922 - INFO - PdfTextExtraction - Processing PDF: 202200088992.pdf
2024-09-23 00:04:44,396 - INFO - PdfTextExtraction - Processing PDF: 202200090711.pdf
2024-09-23 00:04:50,180 - INFO - PdfTextExtraction - Processing PDF: 202200096344.pdf
2024-09-23 00:04:57,415 - INFO - PdfTextExtraction - Processing PDF: 202200097152.pdf
2024-09-23 00:05:01,468 - INFO - PdfTextExtraction - Processing PDF: 202200097310.pdf
2024-09-23 00:05:05,603 - INFO - PdfTextExtraction - Processing PDF: 202200097780.pdf
2024-09-23 00:05:06,319 - INFO - PdfTextExtraction - Processing PDF: 202200098458.pdf
2024-09-23 00:05:06,996 - INFO - PdfTextExtraction - Processing PDF: 202200103177.pdf
2024-09-23 00:05:15,129 - INFO - PdfTextExtraction - Processing PDF: 202200103651.pdf
2024-09-23 00:05:22,632 - INFO - PdfTextExtraction - Processing PDF: 202200104698.pdf
2024-09-23 00:05:34,381 - INFO - PdfTextExtraction - Processing PDF: 202200107785.pdf
2024-09-23 00:05:41,988 - INFO - PdfTextExtraction - Processing PDF: 202200107993.pdf
2024-09-23 00:05:48,549 - INFO - PdfTextExtraction - Processing PDF: 202200108307.pdf
2024-09-23 00:05:56,657 - INFO - PdfTextExtraction - Processing PDF: 202200110368.pdf
2024-09-23 00:06:07,845 - INFO - PdfTextExtraction - Processing PDF: 202200110941.pdf
2024-09-23 00:06:19,610 - INFO - PdfTextExtraction - Processing PDF: 202200110943.pdf
2024-09-23 00:06:31,207 - INFO - PdfTextExtraction - Processing PDF: 202200113926.pdf
2024-09-23 00:06:43,659 - INFO - PdfTextExtraction - Processing PDF: 202200116941.pdf
2024-09-23 00:06:51,155 - INFO - PdfTextExtraction - Processing PDF: 202200119044.pdf
2024-09-23 00:06:58,248 - INFO - PdfTextExtraction - Processing PDF: 202200119139.pdf
2024-09-23 00:07:05,930 - INFO - PdfTextExtraction - Processing PDF: 202200122175.pdf
2024-09-23 00:07:17,245 - INFO - PdfTextExtraction - Processing PDF: 202200122973.pdf
2024-09-23 00:07:24,590 - INFO - PdfTextExtraction - Processing PDF: 202200123697.pdf
2024-09-23 00:07:31,797 - INFO - PdfTextExtraction - Processing PDF: 202200130580.pdf
2024-09-23 00:07:37,338 - INFO - PdfTextExtraction - Processing PDF: 202200130581.pdf
2024-09-23 00:07:42,890 - INFO - PdfTextExtraction - Processing PDF: 202200132390.pdf
2024-09-23 00:07:51,247 - INFO - PdfTextExtraction - Processing PDF: 202200137598.pdf
2024-09-23 00:07:58,406 - INFO - PdfTextExtraction - Processing PDF: 202200138804.pdf
2024-09-23 00:08:06,580 - INFO - PdfTextExtraction - Processing PDF: 202200141389.pdf
2024-09-23 00:08:16,789 - INFO - PdfTextExtraction - Processing PDF: 202200141394.pdf
2024-09-23 00:08:26,947 - INFO - PdfTextExtraction - Processing PDF: 202200145586.pdf
2024-09-23 00:08:34,606 - INFO - PdfTextExtraction - Processing PDF: 202200148300.pdf
2024-09-23 00:08:42,317 - INFO - PdfTextExtraction - Processing PDF: 202200148394.pdf
2024-09-23 00:08:50,404 - INFO - PdfTextExtraction - Processing PDF: 202200149683.pdf
2024-09-23 00:08:59,972 - INFO - PdfTextExtraction - Processing PDF: 202200150111.pdf
2024-09-23 00:09:06,767 - INFO - PdfTextExtraction - Processing PDF: 202200151594.pdf
2024-09-23 00:09:14,086 - INFO - PdfTextExtraction - Processing PDF: 202200155082.pdf
2024-09-23 00:09:24,891 - INFO - PdfTextExtraction - Processing PDF: 202200159430.pdf
2024-09-23 00:09:36,786 - INFO - PdfTextExtraction - Processing PDF: 202200161763.pdf
2024-09-23 00:09:45,533 - INFO - PdfTextExtraction - Processing PDF: 202200163306.pdf
2024-09-23 00:09:46,188 - INFO - PdfTextExtraction - Processing PDF: 202200163369.pdf
2024-09-23 00:09:54,682 - INFO - PdfTextExtraction - Processing PDF: 202200164436.pdf
2024-09-23 00:10:01,450 - INFO - PdfTextExtraction - Processing PDF: 202200164527.pdf
2024-09-23 00:10:08,713 - INFO - PdfTextExtraction - Processing PDF: 202200164691.pdf
2024-09-23 00:10:19,792 - INFO - PdfTextExtraction - Processing PDF: 202200172969.pdf
2024-09-23 00:10:27,076 - INFO - PdfTextExtraction - Processing PDF: 202200173257.pdf
2024-09-23 00:10:38,339 - INFO - PdfTextExtraction - Processing PDF: 202200173634.pdf
2024-09-23 00:10:50,460 - INFO - PdfTextExtraction - Processing PDF: 202200174449.pdf
2024-09-23 00:10:58,109 - INFO - PdfTextExtraction - Processing PDF: 202200177581.pdf
2024-09-23 00:11:06,519 - INFO - PdfTextExtraction - Processing PDF: 202200177771.pdf
2024-09-23 00:11:14,614 - INFO - PdfTextExtraction - Processing PDF: 202200180132.pdf
2024-09-23 00:11:21,887 - INFO - PdfTextExtraction - Processing PDF: 202200180940.pdf
2024-09-23 00:11:29,377 - INFO - PdfTextExtraction - Processing PDF: 202200182074.pdf
2024-09-23 00:11:37,065 - INFO - PdfTextExtraction - Processing PDF: 202200184036.pdf
2024-09-23 00:11:45,011 - INFO - PdfTextExtraction - Processing PDF: 202200187020.pdf
2024-09-23 00:11:53,417 - INFO - PdfTextExtraction - Processing PDF: 202200188143.pdf
2024-09-23 00:12:01,589 - INFO - PdfTextExtraction - Processing PDF: 202200188212.pdf
2024-09-23 00:12:10,021 - INFO - PdfTextExtraction - Processing PDF: 202200189019.pdf
2024-09-23 00:12:18,319 - INFO - PdfTextExtraction - Processing PDF: 202200191353.pdf
2024-09-23 00:12:27,849 - INFO - PdfTextExtraction - Processing PDF: 202200194306.pdf
2024-09-23 00:12:35,288 - INFO - PdfTextExtraction - Processing PDF: 202200194379.pdf
2024-09-23 00:12:45,561 - INFO - PdfTextExtraction - Processing PDF: 202200196350.pdf
2024-09-23 00:12:53,325 - INFO - PdfTextExtraction - Processing PDF: 202200196407.pdf
2024-09-23 00:13:00,587 - INFO - PdfTextExtraction - Processing PDF: 202200198764.pdf
2024-09-23 00:13:01,218 - INFO - PdfTextExtraction - Processing PDF: 202200199521.pdf
2024-09-23 00:13:09,514 - INFO - PdfTextExtraction - Processing PDF: 202200200299.pdf
2024-09-23 00:13:21,006 - INFO - PdfTextExtraction - Processing PDF: 202200015633.pdf
2024-09-23 00:13:29,613 - INFO - PdfTextExtraction - Processing PDF: 202200050383.pdf
2024-09-23 00:13:38,082 - INFO - PdfTextExtraction - Processing PDF: 202200062048.pdf
2024-09-23 00:13:45,601 - INFO - PdfTextExtraction - Processing PDF: 202200074858.pdf
2024-09-23 00:13:53,788 - INFO - PdfTextExtraction - Processing PDF: 202200088991.pdf
2024-09-23 00:13:57,304 - INFO - PdfTextExtraction - Processing PDF: 202200103352.pdf
2024-09-23 00:14:08,141 - INFO - PdfTextExtraction - Processing PDF: 202200112670.pdf
2024-09-23 00:14:18,667 - INFO - PdfTextExtraction - Processing PDF: 202200127343.pdf
2024-09-23 00:14:26,202 - INFO - PdfTextExtraction - Processing PDF: 202200143683.pdf
2024-09-23 00:14:32,089 - INFO - PdfTextExtraction - Processing PDF: 202200155415.pdf
2024-09-23 00:14:36,320 - INFO - PdfTextExtraction - Processing PDF: 202200169955.pdf
2024-09-23 00:14:37,027 - INFO - PdfTextExtraction - Processing PDF: 202200178236.pdf
2024-09-23 00:14:44,672 - INFO - PdfTextExtraction - Processing PDF: 202200189506.pdf
2024-09-23 00:14:56,227 - INFO - PdfTextExtraction - Processing PDF: 202200200300.pdf
2024-09-23 00:15:07,716 - INFO - PdfTextExtraction - Processing PDF: 202200209402.pdf
2024-09-23 00:15:17,620 - INFO - PdfTextExtraction - Processing PDF: 202200201973.pdf
2024-09-23 00:15:25,252 - INFO - PdfTextExtraction - Processing PDF: 202200203624.pdf
2024-09-23 00:15:25,642 - INFO - PdfTextExtraction - Processing PDF: 202200206067.pdf
2024-09-23 00:15:35,395 - INFO - PdfTextExtraction - Processing PDF: 202200206823.pdf
2024-09-23 00:15:43,236 - INFO - PdfTextExtraction - Processing PDF: 202200207219.pdf
2024-09-23 00:15:50,190 - INFO - PdfTextExtraction - Processing PDF: 202200207518.pdf
2024-09-23 00:15:57,916 - INFO - PdfTextExtraction - Processing PDF: 202200208256.pdf
2024-09-23 00:16:06,985 - INFO - PdfTextExtraction - Processing PDF: 202200208547.pdf
2024-09-23 00:16:16,930 - INFO - PdfTextExtraction - Processing PDF: 202200210286.pdf
2024-09-23 00:16:24,587 - INFO - PdfTextExtraction - Processing PDF: 202200213541.pdf
2024-09-23 00:16:31,812 - INFO - PdfTextExtraction - Processing PDF: 202200213732.pdf
2024-09-23 00:16:43,158 - INFO - PdfTextExtraction - Processing PDF: 202200217307.pdf
2024-09-23 00:16:54,478 - INFO - PdfTextExtraction - Processing PDF: 202200219296.pdf
2024-09-23 00:17:01,000 - INFO - PdfTextExtraction - Processing PDF: 202200220606.pdf
2024-09-23 00:17:07,031 - INFO - PdfTextExtraction - Processing PDF: 202200221563.pdf
2024-09-23 00:17:13,620 - INFO - PdfTextExtraction - Processing PDF: 202200224706.pdf
2024-09-23 00:17:24,385 - INFO - PdfTextExtraction - Processing PDF: 202200225109.pdf
2024-09-23 00:17:30,536 - INFO - PdfTextExtraction - Processing PDF: 202200229321.pdf
2024-09-23 00:17:40,315 - INFO - PdfTextExtraction - Processing PDF: 202200230011.pdf
2024-09-23 00:17:48,620 - INFO - PdfTextExtraction - Processing PDF: 202200232621.pdf
2024-09-23 00:17:57,240 - INFO - PdfTextExtraction - Processing PDF: 202200232674.pdf
2024-09-23 00:17:57,940 - INFO - PdfTextExtraction - Processing PDF: 202200232874.pdf
2024-09-23 00:18:06,557 - INFO - PdfTextExtraction - Processing PDF: 202200233999.pdf
2024-09-23 00:18:16,686 - INFO - PdfTextExtraction - Processing PDF: 202200236542.pdf
2024-09-23 00:18:25,378 - INFO - PdfTextExtraction - Processing PDF: 202200239813.pdf
2024-09-23 00:18:33,915 - INFO - PdfTextExtraction - Processing PDF: 202200242891.pdf
2024-09-23 00:18:45,111 - INFO - PdfTextExtraction - Processing PDF: 202200245947.pdf
2024-09-23 00:18:45,795 - INFO - PdfTextExtraction - Processing PDF: 202200246081.pdf
2024-09-23 00:18:54,549 - INFO - PdfTextExtraction - Processing PDF: 202200247670.pdf
2024-09-23 00:19:02,220 - INFO - PdfTextExtraction - Processing PDF: 202200247786.pdf
2024-09-23 00:19:09,418 - INFO - PdfTextExtraction - Processing PDF: 202200248063.pdf
2024-09-23 00:19:14,255 - INFO - PdfTextExtraction - Processing PDF: 202200248393.pdf
2024-09-23 00:19:21,283 - INFO - PdfTextExtraction - Processing PDF: 202200250718.pdf
2024-09-23 00:19:28,892 - INFO - PdfTextExtraction - Processing PDF: 202200251260.pdf
2024-09-23 00:19:38,549 - INFO - PdfTextExtraction - Processing PDF: 202200251388.pdf
2024-09-23 00:19:39,191 - INFO - PdfTextExtraction - Processing PDF: 202200252157.pdf
2024-09-23 00:19:45,520 - INFO - PdfTextExtraction - Processing PDF: 202200252462.pdf
2024-09-23 00:19:46,188 - INFO - PdfTextExtraction - Processing PDF: 202200253028.pdf
2024-09-23 00:19:57,042 - INFO - PdfTextExtraction - Processing PDF: 202200255298.pdf
2024-09-23 00:20:03,961 - INFO - PdfTextExtraction - Processing PDF: 202200259265.pdf
2024-09-23 00:20:11,975 - INFO - PdfTextExtraction - Processing PDF: 202200261108.pdf
2024-09-23 00:20:18,714 - INFO - PdfTextExtraction - Processing PDF: 202200261982.pdf
2024-09-23 00:20:19,358 - INFO - PdfTextExtraction - Processing PDF: 202200266709.pdf
2024-09-23 00:20:29,810 - INFO - PdfTextExtraction - Processing PDF: 202200268370.pdf
2024-09-23 00:20:33,998 - INFO - PdfTextExtraction - Processing PDF: 202200282804.pdf
2024-09-23 00:20:47,777 - INFO - PdfTextExtraction - Processing PDF: 202200284482.pdf
2024-09-23 00:20:56,201 - INFO - PdfTextExtraction - Processing PDF: 202200286785.pdf
2024-09-23 00:21:08,889 - INFO - PdfTextExtraction - Processing PDF: 202200287287.pdf
2024-09-23 00:21:19,150 - INFO - PdfTextExtraction - Processing PDF: 202200287738.pdf
2024-09-23 00:21:24,743 - INFO - PdfTextExtraction - Processing PDF: 202200289028.pdf
2024-09-23 00:21:33,615 - INFO - PdfTextExtraction - Processing PDF: 202200289032.pdf
2024-09-23 00:21:42,526 - INFO - PdfTextExtraction - Processing PDF: 202200294165.pdf
2024-09-23 00:21:53,880 - INFO - PdfTextExtraction - Processing PDF: 202200294170.pdf
2024-09-23 00:22:04,694 - INFO - PdfTextExtraction - Processing PDF: 202200294623.pdf
2024-09-23 00:22:12,931 - INFO - PdfTextExtraction - Processing PDF: 202200295164.pdf
2024-09-23 00:22:18,687 - INFO - PdfTextExtraction - Processing PDF: 202200295169.pdf
2024-09-23 00:22:24,436 - INFO - PdfTextExtraction - Processing PDF: 202200296600.pdf
2024-09-23 00:22:33,211 - INFO - PdfTextExtraction - Processing PDF: 202200297027.pdf
2024-09-23 00:22:40,362 - INFO - PdfTextExtraction - Processing PDF: 202200297159.pdf
2024-09-23 00:22:47,857 - INFO - PdfTextExtraction - Processing PDF: 202200301279.pdf
2024-09-23 00:22:52,137 - INFO - PdfTextExtraction - Processing PDF: 202200302927.pdf
2024-09-23 00:22:56,210 - INFO - PdfTextExtraction - Processing PDF: 202200302946.pdf
2024-09-23 00:23:00,306 - INFO - PdfTextExtraction - Processing PDF: 202200322511.pdf
2024-09-23 00:23:07,937 - INFO - PdfTextExtraction - Processing PDF: 202200322943.pdf
2024-09-23 00:23:17,854 - INFO - PdfTextExtraction - Processing PDF: 202200323109.pdf
2024-09-23 00:23:25,434 - INFO - PdfTextExtraction - Processing PDF: 202200323214.pdf
2024-09-23 00:23:32,939 - INFO - PdfTextExtraction - Processing PDF: 202200323319.pdf
2024-09-23 00:23:40,414 - INFO - PdfTextExtraction - Processing PDF: 202200323531.pdf
2024-09-23 00:23:48,216 - INFO - PdfTextExtraction - Processing PDF: 202200323680.pdf
2024-09-23 00:23:58,922 - INFO - PdfTextExtraction - Processing PDF: 202200327134.pdf
2024-09-23 00:24:07,584 - INFO - PdfTextExtraction - Processing PDF: 202200327162.pdf
2024-09-23 00:24:16,187 - INFO - PdfTextExtraction - Processing PDF: 202200330154.pdf
2024-09-23 00:24:20,613 - INFO - PdfTextExtraction - Processing PDF: 202200330173.pdf
2024-09-23 00:24:28,225 - INFO - PdfTextExtraction - Processing PDF: 202200334885.pdf
2024-09-23 00:24:36,703 - INFO - PdfTextExtraction - Processing PDF: 202200335256.pdf
2024-09-23 00:24:44,644 - INFO - PdfTextExtraction - Processing PDF: 202200335374.pdf
2024-09-23 00:24:50,764 - INFO - PdfTextExtraction - Processing PDF: 202200336150.pdf
2024-09-23 00:25:02,676 - INFO - PdfTextExtraction - Processing PDF: 202200337185.pdf
2024-09-23 00:25:12,840 - INFO - PdfTextExtraction - Processing PDF: 202200337879.pdf
2024-09-23 00:25:16,758 - INFO - PdfTextExtraction - Processing PDF: 202200337889.pdf
2024-09-23 00:25:22,861 - INFO - PdfTextExtraction - Processing PDF: 202200338273.pdf
2024-09-23 00:25:23,510 - INFO - PdfTextExtraction - Processing PDF: 202200342521.pdf
2024-09-23 00:25:30,655 - INFO - PdfTextExtraction - Processing PDF: 202200344782.pdf
2024-09-23 00:25:39,694 - INFO - PdfTextExtraction - Processing PDF: 202200346504.pdf
2024-09-23 00:25:43,868 - INFO - PdfTextExtraction - Processing PDF: 202200346695.pdf
2024-09-23 00:25:47,947 - INFO - PdfTextExtraction - Processing PDF: 202200348243.pdf
2024-09-23 00:25:58,100 - INFO - PdfTextExtraction - Processing PDF: 202200349846.pdf
2024-09-23 00:26:09,843 - INFO - PdfTextExtraction - Processing PDF: 202200350494.pdf
2024-09-23 00:26:17,560 - INFO - PdfTextExtraction - Processing PDF: 202200350657.pdf
2024-09-23 00:26:28,332 - INFO - PdfTextExtraction - Processing PDF: 202200350716.pdf
2024-09-23 00:26:39,111 - INFO - PdfTextExtraction - Processing PDF: 202200351019.pdf
2024-09-23 00:26:47,901 - INFO - PdfTextExtraction - Processing PDF: 202200352480.pdf
2024-09-23 00:26:57,624 - INFO - PdfTextExtraction - Processing PDF: 202200354083.pdf
2024-09-23 00:27:06,693 - INFO - PdfTextExtraction - Processing PDF: 202200354664.pdf
2024-09-23 00:27:11,570 - INFO - PdfTextExtraction - Processing PDF: 202200355028.pdf
2024-09-23 00:27:15,984 - INFO - PdfTextExtraction - Processing PDF: 202200356085.pdf
2024-09-23 00:27:26,546 - INFO - PdfTextExtraction - Processing PDF: 202200356695.pdf
2024-09-23 00:27:27,202 - INFO - PdfTextExtraction - Processing PDF: 202200356696.pdf
2024-09-23 00:27:27,838 - INFO - PdfTextExtraction - Processing PDF: 202200358737.pdf
2024-09-23 00:27:38,631 - INFO - PdfTextExtraction - Processing PDF: 202200358777.pdf
2024-09-23 00:27:50,232 - INFO - PdfTextExtraction - Processing PDF: 202200359590.pdf
2024-09-23 00:27:56,398 - INFO - PdfTextExtraction - Processing PDF: 202200364536.pdf
2024-09-23 00:28:05,159 - INFO - PdfTextExtraction - Processing PDF: 202200365871.pdf
2024-09-23 00:28:12,067 - INFO - PdfTextExtraction - Processing PDF: 202200365873.pdf
2024-09-23 00:28:18,999 - INFO - PdfTextExtraction - Processing PDF: 202200367427.pdf
2024-09-23 00:28:30,837 - INFO - PdfTextExtraction - Processing PDF: 202200376487.pdf
2024-09-23 00:28:41,073 - INFO - PdfTextExtraction - Processing PDF: 202200376968.pdf
2024-09-23 00:28:47,984 - INFO - PdfTextExtraction - Processing PDF: 202200377790.pdf
2024-09-23 00:28:58,783 - INFO - PdfTextExtraction - Processing PDF: 202300002220.pdf
2024-09-23 00:29:07,710 - INFO - PdfTextExtraction - Processing PDF: 202300003055.pdf
2024-09-23 00:29:16,526 - INFO - PdfTextExtraction - Processing PDF: 202300004580.pdf
2024-09-23 00:29:24,702 - INFO - PdfTextExtraction - Processing PDF: 202300004581.pdf
2024-09-23 00:29:32,847 - INFO - PdfTextExtraction - Processing PDF: 202300006738.pdf
2024-09-23 00:29:42,088 - INFO - PdfTextExtraction - Processing PDF: 202300010046.pdf
2024-09-23 00:29:46,263 - INFO - PdfTextExtraction - Processing PDF: 202300011612.pdf
2024-09-23 00:29:53,104 - INFO - PdfTextExtraction - Processing PDF: 202300011628.pdf
2024-09-23 00:30:00,830 - INFO - PdfTextExtraction - Processing PDF: 202300012969.pdf
2024-09-23 00:30:09,510 - INFO - PdfTextExtraction - Processing PDF: 202300012970.pdf
2024-09-23 00:30:18,193 - INFO - PdfTextExtraction - Processing PDF: 202300014607.pdf
2024-09-23 00:30:24,312 - INFO - PdfTextExtraction - Processing PDF: 202300017398.pdf
2024-09-23 00:30:28,169 - INFO - PdfTextExtraction - Processing PDF: 202300017899.pdf
2024-09-23 00:30:35,978 - INFO - PdfTextExtraction - Processing PDF: 202200226847.pdf
2024-09-23 00:30:42,495 - INFO - PdfTextExtraction - Processing PDF: 202200233971.pdf
2024-09-23 00:30:51,861 - INFO - PdfTextExtraction - Processing PDF: 202200247539.pdf
2024-09-23 00:30:57,393 - INFO - PdfTextExtraction - Processing PDF: 202200254363.pdf
2024-09-23 00:31:06,653 - INFO - PdfTextExtraction - Processing PDF: 202200269947.pdf
2024-09-23 00:31:17,151 - INFO - PdfTextExtraction - Processing PDF: 202200291904.pdf
2024-09-23 00:31:23,514 - INFO - PdfTextExtraction - Processing PDF: 202200303963.pdf
2024-09-23 00:31:34,386 - INFO - PdfTextExtraction - Processing PDF: 202200308158.pdf
2024-09-23 00:31:44,482 - INFO - PdfTextExtraction - Processing PDF: 202200322445.pdf
2024-09-23 00:31:54,843 - INFO - PdfTextExtraction - Processing PDF: 202200329708.pdf
2024-09-23 00:32:03,351 - INFO - PdfTextExtraction - Processing PDF: 202200339567.pdf
2024-09-23 00:32:06,857 - INFO - PdfTextExtraction - Processing PDF: 202200350521.pdf
2024-09-23 00:32:07,390 - INFO - PdfTextExtraction - Processing PDF: 202200358733.pdf
2024-09-23 00:32:18,152 - INFO - PdfTextExtraction - Processing PDF: 202200375673.pdf
2024-09-23 00:32:28,852 - INFO - PdfTextExtraction - Processing PDF: 202300007336.pdf
2024-09-23 00:32:35,677 - INFO - PdfTextExtraction - Processing PDF: 202300019340.pdf
2024-09-23 00:32:43,169 - INFO - PdfTextExtraction - Processing PDF: 202300019676.pdf
2024-09-23 00:32:51,611 - INFO - PdfTextExtraction - Processing PDF: 202300019679.pdf
2024-09-23 00:33:00,047 - INFO - PdfTextExtraction - Processing PDF: 202300019906.pdf
2024-09-23 00:33:10,495 - INFO - PdfTextExtraction - Processing PDF: 202300022382.pdf
2024-09-23 00:33:17,245 - INFO - PdfTextExtraction - Processing PDF: 202300022804.pdf
2024-09-23 00:33:27,223 - INFO - PdfTextExtraction - Processing PDF: 202300024765.pdf
2024-09-23 00:33:37,179 - INFO - PdfTextExtraction - Processing PDF: 202300025100.pdf
2024-09-23 00:33:44,378 - INFO - PdfTextExtraction - Processing PDF: 202300025212.pdf
2024-09-23 00:33:51,268 - INFO - PdfTextExtraction - Processing PDF: 202300026135.pdf
2024-09-23 00:34:01,994 - INFO - PdfTextExtraction - Processing PDF: 202300026137.pdf
2024-09-23 00:34:12,706 - INFO - PdfTextExtraction - Processing PDF: 202300026948.pdf
2024-09-23 00:34:20,567 - INFO - PdfTextExtraction - Processing PDF: 202300030179.pdf
2024-09-23 00:34:31,332 - INFO - PdfTextExtraction - Processing PDF: 202300030500.pdf
2024-09-23 00:34:42,144 - INFO - PdfTextExtraction - Processing PDF: 202300037740.pdf
2024-09-23 00:34:48,528 - INFO - PdfTextExtraction - Processing PDF: 202300039482.pdf
2024-09-23 00:34:56,115 - INFO - PdfTextExtraction - Processing PDF: 202300039568.pdf
2024-09-23 00:35:04,486 - INFO - PdfTextExtraction - Processing PDF: 202300039654.pdf
2024-09-23 00:35:08,767 - INFO - PdfTextExtraction - Processing PDF: 202300042906.pdf
2024-09-23 00:35:13,102 - INFO - PdfTextExtraction - Processing PDF: 202300043263.pdf
2024-09-23 00:35:23,179 - INFO - PdfTextExtraction - Processing PDF: 202300043640.pdf
2024-09-23 00:35:32,741 - INFO - PdfTextExtraction - Processing PDF: 202300043934.pdf
2024-09-23 00:35:42,823 - INFO - PdfTextExtraction - Processing PDF: 202300044511.pdf
2024-09-23 00:35:54,281 - INFO - PdfTextExtraction - Processing PDF: 202300044967.pdf
2024-09-23 00:36:01,561 - INFO - PdfTextExtraction - Processing PDF: 202300045653.pdf
2024-09-23 00:36:05,515 - INFO - PdfTextExtraction - Processing PDF: 202300053615.pdf
2024-09-23 00:36:13,652 - INFO - PdfTextExtraction - Processing PDF: 202300054139.pdf
2024-09-23 00:36:18,660 - INFO - PdfTextExtraction - Processing PDF: 202300054487.pdf
2024-09-23 00:36:27,539 - INFO - PdfTextExtraction - Processing PDF: 202300055514.pdf
2024-09-23 00:36:35,217 - INFO - PdfTextExtraction - Processing PDF: 202300057723.pdf
2024-09-23 00:36:43,375 - INFO - PdfTextExtraction - Processing PDF: 202300058684.pdf
2024-09-23 00:36:48,305 - INFO - PdfTextExtraction - Processing PDF: 202300058933.pdf
2024-09-23 00:36:53,398 - INFO - PdfTextExtraction - Processing PDF: 202300059658.pdf
2024-09-23 00:37:01,175 - INFO - PdfTextExtraction - Processing PDF: 202300060452.pdf
2024-09-23 00:37:07,477 - INFO - PdfTextExtraction - Processing PDF: 202300066528.pdf
2024-09-23 00:37:15,959 - INFO - PdfTextExtraction - Processing PDF: 202300066535.pdf
2024-09-23 00:37:24,964 - INFO - PdfTextExtraction - Processing PDF: 202300067192.pdf
2024-09-23 00:37:32,524 - INFO - PdfTextExtraction - Processing PDF: 202300067657.pdf
2024-09-23 00:37:35,692 - INFO - PdfTextExtraction - Processing PDF: 202300068051.pdf
2024-09-23 00:37:45,995 - INFO - PdfTextExtraction - Processing PDF: 202300069022.pdf
2024-09-23 00:37:49,714 - INFO - PdfTextExtraction - Processing PDF: 202300070779.pdf
2024-09-23 00:37:53,791 - INFO - PdfTextExtraction - Processing PDF: 202300075709.pdf
2024-09-23 00:38:04,254 - INFO - PdfTextExtraction - Processing PDF: 202300077685.pdf
2024-09-23 00:38:12,850 - INFO - PdfTextExtraction - Processing PDF: 202300080170.pdf
2024-09-23 00:38:19,599 - INFO - PdfTextExtraction - Processing PDF: 202300083918.pdf
2024-09-23 00:38:20,291 - INFO - PdfTextExtraction - Processing PDF: 202300084002.pdf
2024-09-23 00:38:20,933 - INFO - PdfTextExtraction - Processing PDF: 202300087138.pdf
2024-09-23 00:38:31,074 - INFO - PdfTextExtraction - Processing PDF: 202300087265.pdf
2024-09-23 00:38:39,840 - INFO - PdfTextExtraction - Processing PDF: 202300089902.pdf
2024-09-23 00:38:46,157 - INFO - PdfTextExtraction - Processing PDF: 202300090966.pdf
2024-09-23 00:38:49,967 - INFO - PdfTextExtraction - Processing PDF: 202300092405.pdf
2024-09-23 00:38:57,157 - INFO - PdfTextExtraction - Processing PDF: 202300093999.pdf
2024-09-23 00:39:01,044 - INFO - PdfTextExtraction - Processing PDF: 202300099059.pdf
2024-09-23 00:39:12,390 - INFO - PdfTextExtraction - Processing PDF: 202300099171.pdf
2024-09-23 00:39:23,908 - INFO - PdfTextExtraction - Processing PDF: 202300101391.pdf
2024-09-23 00:39:32,359 - INFO - PdfTextExtraction - Processing PDF: 202300101442.pdf
2024-09-23 00:39:40,426 - INFO - PdfTextExtraction - Processing PDF: 202300103697.pdf
2024-09-23 00:39:52,785 - INFO - PdfTextExtraction - Processing PDF: 202300105933.pdf
2024-09-23 00:40:03,621 - INFO - PdfTextExtraction - Processing PDF: 202300243286.pdf
2024-09-23 00:40:08,225 - INFO - PdfTextExtraction - Processing PDF: 202300244781.pdf
2024-09-23 00:40:16,508 - INFO - PdfTextExtraction - Processing PDF: 202300248020.pdf
2024-09-23 00:40:17,732 - INFO - PdfTextExtraction - Processing PDF: 202300120647.pdf
2024-09-23 00:40:24,363 - INFO - PdfTextExtraction - Processing PDF: 202300123237.pdf
2024-09-23 00:40:33,235 - INFO - PdfTextExtraction - Processing PDF: 202300123617.pdf
2024-09-23 00:40:40,913 - INFO - PdfTextExtraction - Processing PDF: 202300126132.pdf
2024-09-23 00:40:50,051 - INFO - PdfTextExtraction - Processing PDF: 202300128501.pdf
2024-09-23 00:40:50,844 - INFO - PdfTextExtraction - Processing PDF: 202300130577.pdf
2024-09-23 00:40:57,376 - INFO - PdfTextExtraction - Processing PDF: 202300130730.pdf
2024-09-23 00:41:04,810 - INFO - PdfTextExtraction - Processing PDF: 202300131591.pdf
2024-09-23 00:41:15,783 - INFO - PdfTextExtraction - Processing PDF: 202300135016.pdf
2024-09-23 00:41:29,751 - INFO - PdfTextExtraction - Processing PDF: 202300135780.pdf
2024-09-23 00:41:34,094 - INFO - PdfTextExtraction - Processing PDF: 202300141270.pdf
2024-09-23 00:41:37,637 - INFO - PdfTextExtraction - Processing PDF: 202300141709.pdf
2024-09-23 00:41:49,579 - INFO - PdfTextExtraction - Processing PDF: 202300141945.pdf
2024-09-23 00:42:00,675 - INFO - PdfTextExtraction - Processing PDF: 202300142346.pdf
2024-09-23 00:42:04,661 - INFO - PdfTextExtraction - Processing PDF: 202300144000.pdf
2024-09-23 00:42:05,469 - INFO - PdfTextExtraction - Processing PDF: 202300144270.pdf
2024-09-23 00:42:14,468 - INFO - PdfTextExtraction - Processing PDF: 202300147448.pdf
2024-09-23 00:42:22,794 - INFO - PdfTextExtraction - Processing PDF: 202300148439.pdf
2024-09-23 00:42:23,383 - INFO - PdfTextExtraction - Processing PDF: 202300150578.pdf
2024-09-23 00:42:32,764 - INFO - PdfTextExtraction - Processing PDF: 202300153217.pdf
2024-09-23 00:42:42,057 - INFO - PdfTextExtraction - Processing PDF: 202300154327.pdf
2024-09-23 00:42:52,401 - INFO - PdfTextExtraction - Processing PDF: 202300154386.pdf
2024-09-23 00:43:05,301 - INFO - PdfTextExtraction - Processing PDF: 202300155550.pdf
2024-09-23 00:43:17,848 - INFO - PdfTextExtraction - Processing PDF: 202300157870.pdf
2024-09-23 00:43:24,080 - INFO - PdfTextExtraction - Processing PDF: 202300160695.pdf
2024-09-23 00:43:32,139 - INFO - PdfTextExtraction - Processing PDF: 202300163274.pdf
2024-09-23 00:43:36,715 - INFO - PdfTextExtraction - Processing PDF: 202300163368.pdf
2024-09-23 00:43:40,730 - INFO - PdfTextExtraction - Processing PDF: 202300163385.pdf
2024-09-23 00:43:50,384 - INFO - PdfTextExtraction - Processing PDF: 202300163508.pdf
2024-09-23 00:43:56,927 - INFO - PdfTextExtraction - Processing PDF: 202300164059.pdf
2024-09-23 00:44:04,964 - INFO - PdfTextExtraction - Processing PDF: 202300166203.pdf
2024-09-23 00:44:13,600 - INFO - PdfTextExtraction - Processing PDF: 202300169378.pdf
2024-09-23 00:44:23,019 - INFO - PdfTextExtraction - Processing PDF: 202300169637.pdf
2024-09-23 00:44:26,999 - INFO - PdfTextExtraction - Processing PDF: 202300172446.pdf
2024-09-23 00:44:38,423 - INFO - PdfTextExtraction - Processing PDF: 202300173371.pdf
2024-09-23 00:44:43,884 - INFO - PdfTextExtraction - Processing PDF: 202300175073.pdf
2024-09-23 00:44:47,915 - INFO - PdfTextExtraction - Processing PDF: 202300177456.pdf
2024-09-23 00:44:51,751 - INFO - PdfTextExtraction - Processing PDF: 202300179756.pdf
2024-09-23 00:44:56,201 - INFO - PdfTextExtraction - Processing PDF: 202300180168.pdf
2024-09-23 00:45:10,066 - INFO - PdfTextExtraction - Processing PDF: 202300181492.pdf
2024-09-23 00:45:19,094 - INFO - PdfTextExtraction - Processing PDF: 202300184660.pdf
2024-09-23 00:45:21,481 - INFO - PdfTextExtraction - Processing PDF: 202300185898.pdf
2024-09-23 00:45:25,818 - INFO - PdfTextExtraction - Processing PDF: 202300188709.pdf
2024-09-23 00:45:35,104 - INFO - PdfTextExtraction - Processing PDF: 202300190875.pdf
2024-09-23 00:45:48,860 - INFO - PdfTextExtraction - Processing PDF: 202300193894.pdf
2024-09-23 00:45:49,343 - INFO - PdfTextExtraction - Processing PDF: 202300195695.pdf
2024-09-23 00:45:54,159 - INFO - PdfTextExtraction - Processing PDF: 202300200253.pdf
2024-09-23 00:46:02,331 - INFO - PdfTextExtraction - Processing PDF: 202300203311.pdf
2024-09-23 00:46:10,832 - INFO - PdfTextExtraction - Processing PDF: 202300203570.pdf
2024-09-23 00:46:19,335 - INFO - PdfTextExtraction - Processing PDF: 202300204558.pdf
2024-09-23 00:46:30,683 - INFO - PdfTextExtraction - Processing PDF: 202300210082.pdf
2024-09-23 00:46:39,838 - INFO - PdfTextExtraction - Processing PDF: 202300210685.pdf
2024-09-23 00:46:47,309 - INFO - PdfTextExtraction - Processing PDF: 202300211260.pdf
2024-09-23 00:46:53,527 - INFO - PdfTextExtraction - Processing PDF: 202300213141.pdf
2024-09-23 00:47:01,136 - INFO - PdfTextExtraction - Processing PDF: 202300035533.pdf
2024-09-23 00:47:05,277 - INFO - PdfTextExtraction - Processing PDF: 202300050632.pdf
2024-09-23 00:47:16,168 - INFO - PdfTextExtraction - Processing PDF: 202300062033.pdf
2024-09-23 00:47:20,592 - INFO - PdfTextExtraction - Processing PDF: 202300073982.pdf
2024-09-23 00:47:31,106 - INFO - PdfTextExtraction - Processing PDF: 202300092242.pdf
2024-09-23 00:47:35,099 - INFO - PdfTextExtraction - Processing PDF: 202300107188.pdf
2024-09-23 00:47:42,247 - INFO - PdfTextExtraction - Processing PDF: 202300118804.pdf
2024-09-23 00:47:46,480 - INFO - PdfTextExtraction - Processing PDF: 202300132526.pdf
2024-09-23 00:47:56,210 - INFO - PdfTextExtraction - Processing PDF: 202300144010.pdf
2024-09-23 00:48:06,142 - INFO - PdfTextExtraction - Processing PDF: 202300153071.pdf
2024-09-23 00:48:15,994 - INFO - PdfTextExtraction - Processing PDF: 202300160185.pdf
2024-09-23 00:48:25,440 - INFO - PdfTextExtraction - Processing PDF: 202300168108.pdf
2024-09-23 00:48:34,822 - INFO - PdfTextExtraction - Processing PDF: 202300177405.pdf
2024-09-23 00:48:40,094 - INFO - PdfTextExtraction - Processing PDF: 202300190540.pdf
2024-09-23 00:48:47,030 - INFO - PdfTextExtraction - Processing PDF: 202300202752.pdf
2024-09-23 00:48:55,960 - INFO - PdfTextExtraction - Processing PDF: 202300218244.pdf
2024-09-23 00:49:02,564 - INFO - PdfTextExtraction - Processing PDF: 202300225798.pdf
2024-09-23 00:49:03,155 - INFO - PdfTextExtraction - Processing PDF: 202300238523.pdf
2024-09-23 00:49:04,441 - INFO - PdfTextExtraction - Processing PDF: 202300251292.pdf
2024-09-23 00:49:12,632 - INFO - PdfTextExtraction - Processing PDF: 202300260578.pdf
2024-09-23 00:49:19,791 - INFO - PdfTextExtraction - Processing PDF: 202300270941.pdf
2024-09-23 00:49:20,297 - INFO - PdfTextExtraction - Processing PDF: 202300278281.pdf
2024-09-23 00:49:23,514 - INFO - PdfTextExtraction - Processing PDF: 202300292745.pdf
2024-09-23 00:49:24,724 - INFO - PdfTextExtraction - Processing PDF: 202300299269.pdf
2024-09-23 00:49:25,237 - INFO - PdfTextExtraction - Processing PDF: 202300312201.pdf
2024-09-23 00:49:25,738 - INFO - PdfTextExtraction - Processing PDF: 202300318787.pdf
2024-09-23 00:49:26,238 - INFO - PdfTextExtraction - Processing PDF: 202300326517.pdf
2024-09-23 00:49:26,740 - INFO - PdfTextExtraction - Processing PDF: 202300338998.pdf
2024-09-23 00:49:27,240 - INFO - PdfTextExtraction - Processing PDF: 202300352894.pdf
2024-09-23 00:49:27,753 - INFO - PdfTextExtraction - Processing PDF: 202300373349.pdf
2024-09-23 00:49:28,250 - INFO - PdfTextExtraction - Processing PDF: 202300223869.pdf
2024-09-23 00:49:34,810 - INFO - PdfTextExtraction - Processing PDF: 202300225370.pdf
2024-09-23 00:49:42,429 - INFO - PdfTextExtraction - Processing PDF: 202300225463.pdf
2024-09-23 00:49:49,744 - INFO - PdfTextExtraction - Processing PDF: 202300225591.pdf
2024-09-23 00:50:03,305 - INFO - PdfTextExtraction - Processing PDF: 202300226307.pdf
2024-09-23 00:50:10,715 - INFO - PdfTextExtraction - Processing PDF: 202300226540.pdf
2024-09-23 00:50:20,529 - INFO - PdfTextExtraction - Processing PDF: 202300227174.pdf
2024-09-23 00:50:25,145 - INFO - PdfTextExtraction - Processing PDF: 202300228869.pdf
2024-09-23 00:50:31,891 - INFO - PdfTextExtraction - Processing PDF: 202300229295.pdf
2024-09-23 00:50:39,403 - INFO - PdfTextExtraction - Processing PDF: 202300232071.pdf
2024-09-23 00:50:50,697 - INFO - PdfTextExtraction - Processing PDF: 202300233954.pdf
2024-09-23 00:50:56,394 - INFO - PdfTextExtraction - Processing PDF: 202300236420.pdf
2024-09-23 00:51:08,100 - INFO - PdfTextExtraction - Processing PDF: 202300252404.pdf
2024-09-23 00:51:22,575 - INFO - PdfTextExtraction - Processing PDF: 202300253712.pdf
2024-09-23 00:51:26,233 - INFO - PdfTextExtraction - Processing PDF: 202300255303.pdf
2024-09-23 00:51:31,518 - INFO - PdfTextExtraction - Processing PDF: 202300256233.pdf
2024-09-23 00:51:39,703 - INFO - PdfTextExtraction - Processing PDF: 202300256823.pdf
2024-09-23 00:51:43,025 - INFO - PdfTextExtraction - Processing PDF: 202300256860.pdf
2024-09-23 00:51:53,124 - INFO - PdfTextExtraction - Processing PDF: 202300265848.pdf
2024-09-23 00:52:00,895 - INFO - PdfTextExtraction - Processing PDF: 202300267306.pdf
2024-09-23 00:52:03,623 - INFO - PdfTextExtraction - Processing PDF: 202300268466.pdf
2024-09-23 00:52:04,127 - INFO - PdfTextExtraction - Processing PDF: 202300271086.pdf
2024-09-23 00:52:04,630 - INFO - PdfTextExtraction - Processing PDF: 202300272689.pdf
2024-09-23 00:52:05,144 - INFO - PdfTextExtraction - Processing PDF: 202300272802.pdf
2024-09-23 00:52:05,647 - INFO - PdfTextExtraction - Processing PDF: 202300273201.pdf
2024-09-23 00:52:06,150 - INFO - PdfTextExtraction - Processing PDF: 202300273882.pdf
2024-09-23 00:52:06,671 - INFO - PdfTextExtraction - Processing PDF: 202300274037.pdf
2024-09-23 00:52:07,185 - INFO - PdfTextExtraction - Processing PDF: 202300276220.pdf
2024-09-23 00:52:07,760 - INFO - PdfTextExtraction - Processing PDF: 202300276711.pdf
2024-09-23 00:52:08,270 - INFO - PdfTextExtraction - Processing PDF: 202300278640.pdf
2024-09-23 00:52:15,289 - INFO - PdfTextExtraction - Processing PDF: 202300279872.pdf
2024-09-23 00:52:15,799 - INFO - PdfTextExtraction - Processing PDF: 202300281647.pdf
2024-09-23 00:52:16,316 - INFO - PdfTextExtraction - Processing PDF: 202300282800.pdf
2024-09-23 00:52:16,824 - INFO - PdfTextExtraction - Processing PDF: 202300282893.pdf
2024-09-23 00:52:17,327 - INFO - PdfTextExtraction - Processing PDF: 202300283542.pdf
2024-09-23 00:52:17,835 - INFO - PdfTextExtraction - Processing PDF: 202300292746.pdf
2024-09-23 00:52:19,042 - INFO - PdfTextExtraction - Processing PDF: 202300293049.pdf
2024-09-23 00:52:20,246 - INFO - PdfTextExtraction - Processing PDF: 202300293274.pdf
2024-09-23 00:52:21,450 - INFO - PdfTextExtraction - Processing PDF: 202300293753.pdf
2024-09-23 00:52:22,662 - INFO - PdfTextExtraction - Processing PDF: 202300293799.pdf
2024-09-23 00:52:23,166 - INFO - PdfTextExtraction - Processing PDF: 202300295764.pdf
2024-09-23 00:52:23,671 - INFO - PdfTextExtraction - Processing PDF: 202300295874.pdf
2024-09-23 00:52:24,177 - INFO - PdfTextExtraction - Processing PDF: 202300300414.pdf
2024-09-23 00:52:24,682 - INFO - PdfTextExtraction - Processing PDF: 202300301552.pdf
2024-09-23 00:52:25,187 - INFO - PdfTextExtraction - Processing PDF: 202300301709.pdf
2024-09-23 00:52:25,694 - INFO - PdfTextExtraction - Processing PDF: 202300301874.pdf
2024-09-23 00:52:28,802 - INFO - PdfTextExtraction - Processing PDF: 202300302954.pdf
2024-09-23 00:52:29,308 - INFO - PdfTextExtraction - Processing PDF: 202300303049.pdf
2024-09-23 00:52:29,814 - INFO - PdfTextExtraction - Processing PDF: 202300303595.pdf
2024-09-23 00:52:30,318 - INFO - PdfTextExtraction - Processing PDF: 202300305625.pdf
2024-09-23 00:52:30,824 - INFO - PdfTextExtraction - Processing PDF: 202300307859.pdf
2024-09-23 00:52:31,339 - INFO - PdfTextExtraction - Processing PDF: 202300312566.pdf
2024-09-23 00:52:31,853 - INFO - PdfTextExtraction - Processing PDF: 202300315558.pdf
2024-09-23 00:52:35,179 - INFO - PdfTextExtraction - Processing PDF: 202300315826.pdf
2024-09-23 00:52:35,675 - INFO - PdfTextExtraction - Processing PDF: 202300319064.pdf
2024-09-23 00:52:36,176 - INFO - PdfTextExtraction - Processing PDF: 202300321679.pdf
2024-09-23 00:52:36,679 - INFO - PdfTextExtraction - Processing PDF: 202300321826.pdf
2024-09-23 00:52:37,188 - INFO - PdfTextExtraction - Processing PDF: 202300323846.pdf
2024-09-23 00:52:37,694 - INFO - PdfTextExtraction - Processing PDF: 202300324067.pdf
2024-09-23 00:52:38,200 - INFO - PdfTextExtraction - Processing PDF: 202300324779.pdf
2024-09-23 00:52:38,709 - INFO - PdfTextExtraction - Processing PDF: 202300326081.pdf
2024-09-23 00:52:39,210 - INFO - PdfTextExtraction - Processing PDF: 202300327547.pdf
2024-09-23 00:52:39,711 - INFO - PdfTextExtraction - Processing PDF: 202300328143.pdf
2024-09-23 00:52:40,217 - INFO - PdfTextExtraction - Processing PDF: 202300329200.pdf
2024-09-23 00:52:40,719 - INFO - PdfTextExtraction - Processing PDF: 202300330012.pdf
2024-09-23 00:52:41,249 - INFO - PdfTextExtraction - Processing PDF: 202300330060.pdf
2024-09-23 00:52:41,773 - INFO - PdfTextExtraction - Processing PDF: 202300331492.pdf
2024-09-23 00:52:42,285 - INFO - PdfTextExtraction - Processing PDF: 202300333478.pdf
2024-09-23 00:52:42,970 - INFO - PdfTextExtraction - Processing PDF: 202300335577.pdf
2024-09-23 00:52:43,481 - INFO - PdfTextExtraction - Processing PDF: 202300345422.pdf
2024-09-23 00:52:44,000 - INFO - PdfTextExtraction - Processing PDF: 202300346710.pdf
2024-09-23 00:52:44,502 - INFO - PdfTextExtraction - Processing PDF: 202300348827.pdf
2024-09-23 00:52:45,016 - INFO - PdfTextExtraction - Processing PDF: 202300349824.pdf
2024-09-23 00:52:45,518 - INFO - PdfTextExtraction - Processing PDF: 202300357578.pdf
2024-09-23 00:52:46,037 - INFO - PdfTextExtraction - Processing PDF: 202300360029.pdf
2024-09-23 00:52:46,545 - INFO - PdfTextExtraction - Processing PDF: 202300361571.pdf
2024-09-23 00:52:47,052 - INFO - PdfTextExtraction - Processing PDF: 202300363298.pdf
2024-09-23 00:52:47,556 - INFO - PdfTextExtraction - Processing PDF: 202300365794.pdf
2024-09-23 00:52:48,065 - INFO - PdfTextExtraction - Processing PDF: 202300366054.pdf
2024-09-23 00:52:48,570 - INFO - PdfTextExtraction - Processing PDF: 202300372291.pdf
2024-09-23 00:52:49,080 - INFO - PdfTextExtraction - Processing PDF: 202300379099.pdf
2024-09-23 00:52:49,613 - INFO - PdfTextExtraction - Processing PDF: 202300384355.pdf
2024-09-23 00:52:50,117 - INFO - PdfTextExtraction - Processing PDF: 202300385727.pdf
2024-09-23 00:52:50,626 - INFO - PdfTextExtraction - Processing PDF: 202300386484.pdf
2024-09-23 00:52:51,142 - INFO - PdfTextExtraction - Processing PDF: 202300386537.pdf
2024-09-23 00:52:51,654 - INFO - PdfTextExtraction - All files processed from /media/daniel/HDD1/AI894 - Capstone/Complete Collision Recorder/data/raw/oh1_pdf_files
